{"meta": {"format": 3, "version": "7.13.0", "timestamp": "2025-12-15T17:19:04.123012", "branch_coverage": false, "show_contexts": false}, "files": {"src\\__init__.py": {"executed_lines": [1], "summary": {"covered_lines": 0, "num_statements": 0, "percent_covered": 100.0, "percent_covered_display": "100", "missing_lines": 0, "excluded_lines": 0, "percent_statements_covered": 100.0, "percent_statements_covered_display": "100"}, "missing_lines": [], "excluded_lines": [], "functions": {"": {"executed_lines": [1], "summary": {"covered_lines": 0, "num_statements": 0, "percent_covered": 100.0, "percent_covered_display": "100", "missing_lines": 0, "excluded_lines": 0, "percent_statements_covered": 100.0, "percent_statements_covered_display": "100"}, "missing_lines": [], "excluded_lines": []}}, "classes": {"": {"executed_lines": [1], "summary": {"covered_lines": 0, "num_statements": 0, "percent_covered": 100.0, "percent_covered_display": "100", "missing_lines": 0, "excluded_lines": 0, "percent_statements_covered": 100.0, "percent_statements_covered_display": "100"}, "missing_lines": [], "excluded_lines": []}}}, "src\\config.py": {"executed_lines": [1, 3, 4, 5, 8, 9, 12, 13, 14, 15, 18, 19, 22, 23, 24, 27, 28, 29, 30, 33, 36, 37, 38, 41, 44, 45, 47, 48, 49, 50, 54], "summary": {"covered_lines": 29, "num_statements": 29, "percent_covered": 100.0, "percent_covered_display": "100", "missing_lines": 0, "excluded_lines": 0, "percent_statements_covered": 100.0, "percent_statements_covered_display": "100"}, "missing_lines": [], "excluded_lines": [], "functions": {"": {"executed_lines": [1, 3, 4, 5, 8, 9, 12, 13, 14, 15, 18, 19, 22, 23, 24, 27, 28, 29, 30, 33, 36, 37, 38, 41, 44, 45, 47, 48, 49, 50, 54], "summary": {"covered_lines": 29, "num_statements": 29, "percent_covered": 100.0, "percent_covered_display": "100", "missing_lines": 0, "excluded_lines": 0, "percent_statements_covered": 100.0, "percent_statements_covered_display": "100"}, "missing_lines": [], "excluded_lines": []}}, "classes": {"Settings": {"executed_lines": [], "summary": {"covered_lines": 0, "num_statements": 0, "percent_covered": 100.0, "percent_covered_display": "100", "missing_lines": 0, "excluded_lines": 0, "percent_statements_covered": 100.0, "percent_statements_covered_display": "100"}, "missing_lines": [], "excluded_lines": []}, "Settings.Config": {"executed_lines": [], "summary": {"covered_lines": 0, "num_statements": 0, "percent_covered": 100.0, "percent_covered_display": "100", "missing_lines": 0, "excluded_lines": 0, "percent_statements_covered": 100.0, "percent_statements_covered_display": "100"}, "missing_lines": [], "excluded_lines": []}, "": {"executed_lines": [1, 3, 4, 5, 8, 9, 12, 13, 14, 15, 18, 19, 22, 23, 24, 27, 28, 29, 30, 33, 36, 37, 38, 41, 44, 45, 47, 48, 49, 50, 54], "summary": {"covered_lines": 29, "num_statements": 29, "percent_covered": 100.0, "percent_covered_display": "100", "missing_lines": 0, "excluded_lines": 0, "percent_statements_covered": 100.0, "percent_statements_covered_display": "100"}, "missing_lines": [], "excluded_lines": []}}}, "src\\erp\\__init__.py": {"executed_lines": [], "summary": {"covered_lines": 0, "num_statements": 0, "percent_covered": 100.0, "percent_covered_display": "100", "missing_lines": 0, "excluded_lines": 0, "percent_statements_covered": 100.0, "percent_statements_covered_display": "100"}, "missing_lines": [], "excluded_lines": [], "functions": {"": {"executed_lines": [], "summary": {"covered_lines": 0, "num_statements": 0, "percent_covered": 100.0, "percent_covered_display": "100", "missing_lines": 0, "excluded_lines": 0, "percent_statements_covered": 100.0, "percent_statements_covered_display": "100"}, "missing_lines": [], "excluded_lines": []}}, "classes": {"": {"executed_lines": [], "summary": {"covered_lines": 0, "num_statements": 0, "percent_covered": 100.0, "percent_covered_display": "100", "missing_lines": 0, "excluded_lines": 0, "percent_statements_covered": 100.0, "percent_statements_covered_display": "100"}, "missing_lines": [], "excluded_lines": []}}}, "src\\erp\\pdf_overlay_renderer.py": {"executed_lines": [], "summary": {"covered_lines": 0, "num_statements": 146, "percent_covered": 0.0, "percent_covered_display": "0", "missing_lines": 146, "excluded_lines": 0, "percent_statements_covered": 0.0, "percent_statements_covered_display": "0"}, "missing_lines": [3, 4, 5, 6, 7, 9, 10, 11, 12, 13, 14, 15, 16, 17, 18, 19, 20, 22, 23, 24, 25, 26, 27, 29, 31, 32, 33, 34, 36, 37, 40, 43, 50, 51, 52, 53, 55, 57, 73, 74, 76, 77, 80, 83, 86, 87, 89, 92, 93, 96, 97, 98, 100, 115, 116, 119, 120, 121, 123, 126, 127, 129, 136, 137, 139, 140, 141, 143, 144, 147, 156, 157, 158, 159, 160, 161, 163, 170, 171, 173, 174, 175, 177, 178, 181, 182, 183, 185, 186, 193, 194, 195, 196, 197, 198, 201, 202, 203, 209, 216, 217, 219, 220, 221, 223, 224, 226, 227, 228, 229, 230, 231, 232, 234, 235, 237, 238, 240, 243, 244, 245, 248, 249, 250, 251, 253, 255, 258, 259, 262, 266, 268, 270, 271, 272, 273, 274, 276, 278, 279, 280, 281, 282, 284, 288, 289], "excluded_lines": [], "functions": {"PDFOverlayRenderer.__init__": {"executed_lines": [], "summary": {"covered_lines": 0, "num_statements": 5, "percent_covered": 0.0, "percent_covered_display": "0", "missing_lines": 5, "excluded_lines": 0, "percent_statements_covered": 0.0, "percent_statements_covered_display": "0"}, "missing_lines": [50, 51, 52, 53, 55], "excluded_lines": []}, "PDFOverlayRenderer.render_overlay": {"executed_lines": [], "summary": {"covered_lines": 0, "num_statements": 14, "percent_covered": 0.0, "percent_covered_display": "0", "missing_lines": 14, "excluded_lines": 0, "percent_statements_covered": 0.0, "percent_statements_covered_display": "0"}, "missing_lines": [73, 74, 76, 77, 80, 83, 86, 87, 89, 92, 93, 96, 97, 98], "excluded_lines": []}, "PDFOverlayRenderer._create_overlay_pdf": {"executed_lines": [], "summary": {"covered_lines": 0, "num_statements": 8, "percent_covered": 0.0, "percent_covered_display": "0", "missing_lines": 8, "excluded_lines": 0, "percent_statements_covered": 0.0, "percent_statements_covered_display": "0"}, "missing_lines": [115, 116, 119, 120, 121, 123, 126, 127], "excluded_lines": []}, "PDFOverlayRenderer._render_header_overlay": {"executed_lines": [], "summary": {"covered_lines": 0, "num_statements": 14, "percent_covered": 0.0, "percent_covered_display": "0", "missing_lines": 14, "excluded_lines": 0, "percent_statements_covered": 0.0, "percent_statements_covered_display": "0"}, "missing_lines": [136, 137, 139, 140, 141, 143, 144, 147, 156, 157, 158, 159, 160, 161], "excluded_lines": []}, "PDFOverlayRenderer._render_coding_overlay": {"executed_lines": [], "summary": {"covered_lines": 0, "num_statements": 21, "percent_covered": 0.0, "percent_covered_display": "0", "missing_lines": 21, "excluded_lines": 0, "percent_statements_covered": 0.0, "percent_statements_covered_display": "0"}, "missing_lines": [170, 171, 173, 174, 175, 177, 178, 181, 182, 183, 185, 186, 193, 194, 195, 196, 197, 198, 201, 202, 203], "excluded_lines": []}, "PDFOverlayRenderer._render_approval_overlay": {"executed_lines": [], "summary": {"covered_lines": 0, "num_statements": 18, "percent_covered": 0.0, "percent_covered_display": "0", "missing_lines": 18, "excluded_lines": 0, "percent_statements_covered": 0.0, "percent_statements_covered_display": "0"}, "missing_lines": [216, 217, 219, 220, 221, 223, 224, 226, 227, 228, 229, 230, 231, 232, 234, 235, 237, 238], "excluded_lines": []}, "PDFOverlayRenderer._get_location_code": {"executed_lines": [], "summary": {"covered_lines": 0, "num_statements": 8, "percent_covered": 0.0, "percent_covered_display": "0", "missing_lines": 8, "excluded_lines": 0, "percent_statements_covered": 0.0, "percent_statements_covered_display": "0"}, "missing_lines": [243, 244, 245, 248, 249, 250, 251, 253], "excluded_lines": []}, "PDFOverlayRenderer._get_gl_code": {"executed_lines": [], "summary": {"covered_lines": 0, "num_statements": 4, "percent_covered": 0.0, "percent_covered_display": "0", "missing_lines": 4, "excluded_lines": 0, "percent_statements_covered": 0.0, "percent_statements_covered_display": "0"}, "missing_lines": [258, 259, 262, 266], "excluded_lines": []}, "PDFOverlayRenderer._get_cost_centre": {"executed_lines": [], "summary": {"covered_lines": 0, "num_statements": 5, "percent_covered": 0.0, "percent_covered_display": "0", "missing_lines": 5, "excluded_lines": 0, "percent_statements_covered": 0.0, "percent_statements_covered_display": "0"}, "missing_lines": [270, 271, 272, 273, 274], "excluded_lines": []}, "PDFOverlayRenderer._get_project_code": {"executed_lines": [], "summary": {"covered_lines": 0, "num_statements": 5, "percent_covered": 0.0, "percent_covered_display": "0", "missing_lines": 5, "excluded_lines": 0, "percent_statements_covered": 0.0, "percent_statements_covered_display": "0"}, "missing_lines": [278, 279, 280, 281, 282], "excluded_lines": []}, "PDFOverlayRenderer._calculate_tax_recovery": {"executed_lines": [], "summary": {"covered_lines": 0, "num_statements": 2, "percent_covered": 0.0, "percent_covered_display": "0", "missing_lines": 2, "excluded_lines": 0, "percent_statements_covered": 0.0, "percent_statements_covered_display": "0"}, "missing_lines": [288, 289], "excluded_lines": []}, "": {"executed_lines": [], "summary": {"covered_lines": 0, "num_statements": 42, "percent_covered": 0.0, "percent_covered_display": "0", "missing_lines": 42, "excluded_lines": 0, "percent_statements_covered": 0.0, "percent_statements_covered_display": "0"}, "missing_lines": [3, 4, 5, 6, 7, 9, 10, 11, 12, 13, 14, 15, 16, 17, 18, 19, 20, 22, 23, 24, 25, 26, 27, 29, 31, 32, 33, 34, 36, 37, 40, 43, 57, 100, 129, 163, 209, 240, 255, 268, 276, 284], "excluded_lines": []}}, "classes": {"PDFOverlayRenderer": {"executed_lines": [], "summary": {"covered_lines": 0, "num_statements": 104, "percent_covered": 0.0, "percent_covered_display": "0", "missing_lines": 104, "excluded_lines": 0, "percent_statements_covered": 0.0, "percent_statements_covered_display": "0"}, "missing_lines": [50, 51, 52, 53, 55, 73, 74, 76, 77, 80, 83, 86, 87, 89, 92, 93, 96, 97, 98, 115, 116, 119, 120, 121, 123, 126, 127, 136, 137, 139, 140, 141, 143, 144, 147, 156, 157, 158, 159, 160, 161, 170, 171, 173, 174, 175, 177, 178, 181, 182, 183, 185, 186, 193, 194, 195, 196, 197, 198, 201, 202, 203, 216, 217, 219, 220, 221, 223, 224, 226, 227, 228, 229, 230, 231, 232, 234, 235, 237, 238, 243, 244, 245, 248, 249, 250, 251, 253, 258, 259, 262, 266, 270, 271, 272, 273, 274, 278, 279, 280, 281, 282, 288, 289], "excluded_lines": []}, "": {"executed_lines": [], "summary": {"covered_lines": 0, "num_statements": 42, "percent_covered": 0.0, "percent_covered_display": "0", "missing_lines": 42, "excluded_lines": 0, "percent_statements_covered": 0.0, "percent_statements_covered_display": "0"}, "missing_lines": [3, 4, 5, 6, 7, 9, 10, 11, 12, 13, 14, 15, 16, 17, 18, 19, 20, 22, 23, 24, 25, 26, 27, 29, 31, 32, 33, 34, 36, 37, 40, 43, 57, 100, 129, 163, 209, 240, 255, 268, 276, 284], "excluded_lines": []}}}, "src\\erp\\staging_service.py": {"executed_lines": [], "summary": {"covered_lines": 0, "num_statements": 229, "percent_covered": 0.0, "percent_covered_display": "0", "missing_lines": 229, "excluded_lines": 0, "percent_statements_covered": 0.0, "percent_statements_covered_display": "0"}, "missing_lines": [3, 4, 5, 6, 7, 8, 9, 10, 11, 13, 14, 15, 17, 20, 22, 23, 24, 25, 28, 31, 38, 40, 67, 70, 71, 72, 73, 74, 75, 76, 77, 79, 81, 92, 93, 95, 97, 108, 109, 110, 111, 114, 141, 144, 145, 160, 161, 162, 163, 164, 165, 166, 167, 168, 169, 171, 172, 173, 174, 175, 176, 178, 180, 182, 184, 185, 188, 189, 191, 193, 194, 195, 196, 197, 199, 201, 202, 203, 204, 205, 207, 209, 210, 211, 213, 214, 215, 216, 218, 220, 223, 225, 227, 229, 231, 233, 235, 236, 237, 239, 241, 243, 245, 246, 247, 256, 264, 266, 268, 270, 272, 273, 276, 282, 295, 296, 302, 303, 315, 317, 319, 320, 323, 324, 325, 326, 327, 328, 329, 330, 331, 332, 333, 334, 337, 338, 339, 340, 341, 342, 343, 344, 345, 348, 349, 350, 351, 352, 353, 354, 357, 358, 359, 360, 361, 362, 363, 364, 365, 366, 367, 368, 369, 370, 372, 374, 382, 385, 388, 400, 401, 403, 421, 422, 423, 429, 430, 431, 436, 438, 439, 445, 446, 449, 455, 458, 464, 473, 474, 475, 476, 477, 479, 480, 486, 487, 488, 491, 492, 494, 495, 497, 498, 499, 505, 522, 523, 524, 525, 526, 527, 530, 536, 543, 544, 550, 551, 553, 555, 557, 559, 575, 576, 577, 580, 581, 583, 585, 586], "excluded_lines": [], "functions": {"ERPPayloadGenerator.__init__": {"executed_lines": [], "summary": {"covered_lines": 0, "num_statements": 1, "percent_covered": 0.0, "percent_covered_display": "0", "missing_lines": 1, "excluded_lines": 0, "percent_statements_covered": 0.0, "percent_statements_covered_display": "0"}, "missing_lines": [38], "excluded_lines": []}, "ERPPayloadGenerator.generate_payload": {"executed_lines": [], "summary": {"covered_lines": 0, "num_statements": 14, "percent_covered": 0.0, "percent_covered_display": "0", "missing_lines": 14, "excluded_lines": 0, "percent_statements_covered": 0.0, "percent_statements_covered_display": "0"}, "missing_lines": [67, 70, 71, 72, 73, 74, 75, 76, 77, 79, 81, 92, 93, 95], "excluded_lines": []}, "ERPPayloadGenerator._build_payload_structure": {"executed_lines": [], "summary": {"covered_lines": 0, "num_statements": 26, "percent_covered": 0.0, "percent_covered_display": "0", "missing_lines": 26, "excluded_lines": 0, "percent_statements_covered": 0.0, "percent_statements_covered_display": "0"}, "missing_lines": [108, 109, 110, 111, 114, 141, 144, 145, 160, 161, 162, 163, 164, 165, 166, 167, 168, 169, 171, 172, 173, 174, 175, 176, 178, 180], "excluded_lines": []}, "ERPPayloadGenerator._get_gl_code": {"executed_lines": [], "summary": {"covered_lines": 0, "num_statements": 4, "percent_covered": 0.0, "percent_covered_display": "0", "missing_lines": 4, "excluded_lines": 0, "percent_statements_covered": 0.0, "percent_statements_covered_display": "0"}, "missing_lines": [184, 185, 188, 189], "excluded_lines": []}, "ERPPayloadGenerator._get_cost_centre": {"executed_lines": [], "summary": {"covered_lines": 0, "num_statements": 5, "percent_covered": 0.0, "percent_covered_display": "0", "missing_lines": 5, "excluded_lines": 0, "percent_statements_covered": 0.0, "percent_statements_covered_display": "0"}, "missing_lines": [193, 194, 195, 196, 197], "excluded_lines": []}, "ERPPayloadGenerator._get_project_code": {"executed_lines": [], "summary": {"covered_lines": 0, "num_statements": 5, "percent_covered": 0.0, "percent_covered_display": "0", "missing_lines": 5, "excluded_lines": 0, "percent_statements_covered": 0.0, "percent_statements_covered_display": "0"}, "missing_lines": [201, 202, 203, 204, 205], "excluded_lines": []}, "ERPPayloadGenerator._get_site_code": {"executed_lines": [], "summary": {"covered_lines": 0, "num_statements": 8, "percent_covered": 0.0, "percent_covered_display": "0", "missing_lines": 8, "excluded_lines": 0, "percent_statements_covered": 0.0, "percent_statements_covered_display": "0"}, "missing_lines": [209, 210, 211, 213, 214, 215, 216, 218], "excluded_lines": []}, "ERPPayloadGenerator._get_line_gl_code": {"executed_lines": [], "summary": {"covered_lines": 0, "num_statements": 1, "percent_covered": 0.0, "percent_covered_display": "0", "missing_lines": 1, "excluded_lines": 0, "percent_statements_covered": 0.0, "percent_statements_covered_display": "0"}, "missing_lines": [223], "excluded_lines": []}, "ERPPayloadGenerator._get_line_cost_centre": {"executed_lines": [], "summary": {"covered_lines": 0, "num_statements": 1, "percent_covered": 0.0, "percent_covered_display": "0", "missing_lines": 1, "excluded_lines": 0, "percent_statements_covered": 0.0, "percent_statements_covered_display": "0"}, "missing_lines": [227], "excluded_lines": []}, "ERPPayloadGenerator._get_line_project_code": {"executed_lines": [], "summary": {"covered_lines": 0, "num_statements": 1, "percent_covered": 0.0, "percent_covered_display": "0", "missing_lines": 1, "excluded_lines": 0, "percent_statements_covered": 0.0, "percent_statements_covered_display": "0"}, "missing_lines": [231], "excluded_lines": []}, "ERPPayloadGenerator._get_tax_code": {"executed_lines": [], "summary": {"covered_lines": 0, "num_statements": 3, "percent_covered": 0.0, "percent_covered_display": "0", "missing_lines": 3, "excluded_lines": 0, "percent_statements_covered": 0.0, "percent_statements_covered_display": "0"}, "missing_lines": [235, 236, 237], "excluded_lines": []}, "ERPPayloadGenerator._build_tax_breakdown": {"executed_lines": [], "summary": {"covered_lines": 0, "num_statements": 7, "percent_covered": 0.0, "percent_covered_display": "0", "missing_lines": 7, "excluded_lines": 0, "percent_statements_covered": 0.0, "percent_statements_covered_display": "0"}, "missing_lines": [241, 243, 245, 246, 247, 256, 264], "excluded_lines": []}, "ERPPayloadGenerator._serialize_json": {"executed_lines": [], "summary": {"covered_lines": 0, "num_statements": 1, "percent_covered": 0.0, "percent_covered_display": "0", "missing_lines": 1, "excluded_lines": 0, "percent_statements_covered": 0.0, "percent_statements_covered_display": "0"}, "missing_lines": [268], "excluded_lines": []}, "ERPPayloadGenerator._serialize_csv": {"executed_lines": [], "summary": {"covered_lines": 0, "num_statements": 9, "percent_covered": 0.0, "percent_covered_display": "0", "missing_lines": 9, "excluded_lines": 0, "percent_statements_covered": 0.0, "percent_statements_covered_display": "0"}, "missing_lines": [272, 273, 276, 282, 295, 296, 302, 303, 315], "excluded_lines": []}, "ERPPayloadGenerator._serialize_xml": {"executed_lines": [], "summary": {"covered_lines": 0, "num_statements": 45, "percent_covered": 0.0, "percent_covered_display": "0", "missing_lines": 45, "excluded_lines": 0, "percent_statements_covered": 0.0, "percent_statements_covered_display": "0"}, "missing_lines": [319, 320, 323, 324, 325, 326, 327, 328, 329, 330, 331, 332, 333, 334, 337, 338, 339, 340, 341, 342, 343, 344, 345, 348, 349, 350, 351, 352, 353, 354, 357, 358, 359, 360, 361, 362, 363, 364, 365, 366, 367, 368, 369, 370, 372], "excluded_lines": []}, "ERPPayloadGenerator._serialize_dynamics_gp": {"executed_lines": [], "summary": {"covered_lines": 0, "num_statements": 1, "percent_covered": 0.0, "percent_covered_display": "0", "missing_lines": 1, "excluded_lines": 0, "percent_statements_covered": 0.0, "percent_statements_covered_display": "0"}, "missing_lines": [382], "excluded_lines": []}, "ERPStagingService.__init__": {"executed_lines": [], "summary": {"covered_lines": 0, "num_statements": 2, "percent_covered": 0.0, "percent_covered_display": "0", "missing_lines": 2, "excluded_lines": 0, "percent_statements_covered": 0.0, "percent_statements_covered_display": "0"}, "missing_lines": [400, 401], "excluded_lines": []}, "ERPStagingService.stage_invoice": {"executed_lines": [], "summary": {"covered_lines": 0, "num_statements": 32, "percent_covered": 0.0, "percent_covered_display": "0", "missing_lines": 32, "excluded_lines": 0, "percent_statements_covered": 0.0, "percent_statements_covered_display": "0"}, "missing_lines": [421, 422, 423, 429, 430, 431, 436, 438, 439, 445, 446, 449, 455, 458, 464, 473, 474, 475, 476, 477, 479, 480, 486, 487, 488, 491, 492, 494, 495, 497, 498, 499], "excluded_lines": []}, "ERPStagingService.batch_stage": {"executed_lines": [], "summary": {"covered_lines": 0, "num_statements": 15, "percent_covered": 0.0, "percent_covered_display": "0", "missing_lines": 15, "excluded_lines": 0, "percent_statements_covered": 0.0, "percent_statements_covered_display": "0"}, "missing_lines": [522, 523, 524, 525, 526, 527, 530, 536, 543, 544, 550, 551, 553, 555, 557], "excluded_lines": []}, "ERPStagingService.get_payload": {"executed_lines": [], "summary": {"covered_lines": 0, "num_statements": 8, "percent_covered": 0.0, "percent_covered_display": "0", "missing_lines": 8, "excluded_lines": 0, "percent_statements_covered": 0.0, "percent_statements_covered_display": "0"}, "missing_lines": [575, 576, 577, 580, 581, 583, 585, 586], "excluded_lines": []}, "": {"executed_lines": [], "summary": {"covered_lines": 0, "num_statements": 40, "percent_covered": 0.0, "percent_covered_display": "0", "missing_lines": 40, "excluded_lines": 0, "percent_statements_covered": 0.0, "percent_statements_covered_display": "0"}, "missing_lines": [3, 4, 5, 6, 7, 8, 9, 10, 11, 13, 14, 15, 17, 20, 22, 23, 24, 25, 28, 31, 40, 97, 182, 191, 199, 207, 220, 225, 229, 233, 239, 266, 270, 317, 374, 385, 388, 403, 505, 559], "excluded_lines": []}}, "classes": {"ERPPayloadFormat": {"executed_lines": [], "summary": {"covered_lines": 0, "num_statements": 0, "percent_covered": 100.0, "percent_covered_display": "100", "missing_lines": 0, "excluded_lines": 0, "percent_statements_covered": 100.0, "percent_statements_covered_display": "100"}, "missing_lines": [], "excluded_lines": []}, "ERPPayloadGenerator": {"executed_lines": [], "summary": {"covered_lines": 0, "num_statements": 132, "percent_covered": 0.0, "percent_covered_display": "0", "missing_lines": 132, "excluded_lines": 0, "percent_statements_covered": 0.0, "percent_statements_covered_display": "0"}, "missing_lines": [38, 67, 70, 71, 72, 73, 74, 75, 76, 77, 79, 81, 92, 93, 95, 108, 109, 110, 111, 114, 141, 144, 145, 160, 161, 162, 163, 164, 165, 166, 167, 168, 169, 171, 172, 173, 174, 175, 176, 178, 180, 184, 185, 188, 189, 193, 194, 195, 196, 197, 201, 202, 203, 204, 205, 209, 210, 211, 213, 214, 215, 216, 218, 223, 227, 231, 235, 236, 237, 241, 243, 245, 246, 247, 256, 264, 268, 272, 273, 276, 282, 295, 296, 302, 303, 315, 319, 320, 323, 324, 325, 326, 327, 328, 329, 330, 331, 332, 333, 334, 337, 338, 339, 340, 341, 342, 343, 344, 345, 348, 349, 350, 351, 352, 353, 354, 357, 358, 359, 360, 361, 362, 363, 364, 365, 366, 367, 368, 369, 370, 372, 382], "excluded_lines": []}, "ERPStagingService": {"executed_lines": [], "summary": {"covered_lines": 0, "num_statements": 57, "percent_covered": 0.0, "percent_covered_display": "0", "missing_lines": 57, "excluded_lines": 0, "percent_statements_covered": 0.0, "percent_statements_covered_display": "0"}, "missing_lines": [400, 401, 421, 422, 423, 429, 430, 431, 436, 438, 439, 445, 446, 449, 455, 458, 464, 473, 474, 475, 476, 477, 479, 480, 486, 487, 488, 491, 492, 494, 495, 497, 498, 499, 522, 523, 524, 525, 526, 527, 530, 536, 543, 544, 550, 551, 553, 555, 557, 575, 576, 577, 580, 581, 583, 585, 586], "excluded_lines": []}, "": {"executed_lines": [], "summary": {"covered_lines": 0, "num_statements": 40, "percent_covered": 0.0, "percent_covered_display": "0", "missing_lines": 40, "excluded_lines": 0, "percent_statements_covered": 0.0, "percent_statements_covered_display": "0"}, "missing_lines": [3, 4, 5, 6, 7, 8, 9, 10, 11, 13, 14, 15, 17, 20, 22, 23, 24, 25, 28, 31, 40, 97, 182, 191, 199, 207, 220, 225, 229, 233, 239, 266, 270, 317, 374, 385, 388, 403, 505, 559], "excluded_lines": []}}}, "src\\extraction\\__init__.py": {"executed_lines": [1], "summary": {"covered_lines": 0, "num_statements": 0, "percent_covered": 100.0, "percent_covered_display": "100", "missing_lines": 0, "excluded_lines": 0, "percent_statements_covered": 100.0, "percent_statements_covered_display": "100"}, "missing_lines": [], "excluded_lines": [], "functions": {"": {"executed_lines": [1], "summary": {"covered_lines": 0, "num_statements": 0, "percent_covered": 100.0, "percent_covered_display": "100", "missing_lines": 0, "excluded_lines": 0, "percent_statements_covered": 100.0, "percent_statements_covered_display": "100"}, "missing_lines": [], "excluded_lines": []}}, "classes": {"": {"executed_lines": [1], "summary": {"covered_lines": 0, "num_statements": 0, "percent_covered": 100.0, "percent_covered_display": "100", "missing_lines": 0, "excluded_lines": 0, "percent_statements_covered": 100.0, "percent_statements_covered_display": "100"}, "missing_lines": [], "excluded_lines": []}}}, "src\\extraction\\document_intelligence_client.py": {"executed_lines": [], "summary": {"covered_lines": 0, "num_statements": 72, "percent_covered": 0.0, "percent_covered_display": "0", "missing_lines": 72, "excluded_lines": 0, "percent_statements_covered": 0.0, "percent_statements_covered_display": "0"}, "missing_lines": [3, 4, 5, 6, 7, 9, 11, 14, 17, 29, 30, 32, 33, 38, 39, 44, 45, 50, 52, 56, 66, 68, 72, 75, 77, 78, 80, 81, 82, 83, 84, 85, 87, 89, 90, 96, 97, 100, 122, 124, 126, 127, 128, 129, 131, 133, 134, 135, 137, 138, 139, 148, 150, 152, 154, 155, 157, 158, 159, 160, 172, 174, 176, 177, 178, 179, 181, 183, 184, 185, 186, 187], "excluded_lines": [], "functions": {"DocumentIntelligenceClient.__init__": {"executed_lines": [], "summary": {"covered_lines": 0, "num_statements": 10, "percent_covered": 0.0, "percent_covered_display": "0", "missing_lines": 10, "excluded_lines": 0, "percent_statements_covered": 0.0, "percent_statements_covered_display": "0"}, "missing_lines": [29, 30, 32, 33, 38, 39, 44, 45, 50, 52], "excluded_lines": []}, "DocumentIntelligenceClient.analyze_invoice": {"executed_lines": [], "summary": {"covered_lines": 0, "num_statements": 12, "percent_covered": 0.0, "percent_covered_display": "0", "missing_lines": 12, "excluded_lines": 0, "percent_statements_covered": 0.0, "percent_statements_covered_display": "0"}, "missing_lines": [66, 68, 72, 75, 77, 78, 80, 81, 82, 83, 84, 85], "excluded_lines": []}, "DocumentIntelligenceClient._extract_invoice_fields": {"executed_lines": [], "summary": {"covered_lines": 0, "num_statements": 6, "percent_covered": 0.0, "percent_covered_display": "0", "missing_lines": 6, "excluded_lines": 0, "percent_statements_covered": 0.0, "percent_statements_covered_display": "0"}, "missing_lines": [89, 90, 96, 97, 100, 122], "excluded_lines": []}, "DocumentIntelligenceClient._get_field_value": {"executed_lines": [], "summary": {"covered_lines": 0, "num_statements": 4, "percent_covered": 0.0, "percent_covered_display": "0", "missing_lines": 4, "excluded_lines": 0, "percent_statements_covered": 0.0, "percent_statements_covered_display": "0"}, "missing_lines": [126, 127, 128, 129], "excluded_lines": []}, "DocumentIntelligenceClient._get_address": {"executed_lines": [], "summary": {"covered_lines": 0, "num_statements": 7, "percent_covered": 0.0, "percent_covered_display": "0", "missing_lines": 7, "excluded_lines": 0, "percent_statements_covered": 0.0, "percent_statements_covered_display": "0"}, "missing_lines": [133, 134, 135, 137, 138, 139, 148], "excluded_lines": []}, "DocumentIntelligenceClient._extract_items": {"executed_lines": [], "summary": {"covered_lines": 0, "num_statements": 8, "percent_covered": 0.0, "percent_covered_display": "0", "missing_lines": 8, "excluded_lines": 0, "percent_statements_covered": 0.0, "percent_statements_covered_display": "0"}, "missing_lines": [152, 154, 155, 157, 158, 159, 160, 172], "excluded_lines": []}, "DocumentIntelligenceClient._get_nested_value": {"executed_lines": [], "summary": {"covered_lines": 0, "num_statements": 4, "percent_covered": 0.0, "percent_covered_display": "0", "missing_lines": 4, "excluded_lines": 0, "percent_statements_covered": 0.0, "percent_statements_covered_display": "0"}, "missing_lines": [176, 177, 178, 179], "excluded_lines": []}, "DocumentIntelligenceClient._extract_field_confidences": {"executed_lines": [], "summary": {"covered_lines": 0, "num_statements": 5, "percent_covered": 0.0, "percent_covered_display": "0", "missing_lines": 5, "excluded_lines": 0, "percent_statements_covered": 0.0, "percent_statements_covered_display": "0"}, "missing_lines": [183, 184, 185, 186, 187], "excluded_lines": []}, "": {"executed_lines": [], "summary": {"covered_lines": 0, "num_statements": 16, "percent_covered": 0.0, "percent_covered_display": "0", "missing_lines": 16, "excluded_lines": 0, "percent_statements_covered": 0.0, "percent_statements_covered_display": "0"}, "missing_lines": [3, 4, 5, 6, 7, 9, 11, 14, 17, 56, 87, 124, 131, 150, 174, 181], "excluded_lines": []}}, "classes": {"DocumentIntelligenceClient": {"executed_lines": [], "summary": {"covered_lines": 0, "num_statements": 56, "percent_covered": 0.0, "percent_covered_display": "0", "missing_lines": 56, "excluded_lines": 0, "percent_statements_covered": 0.0, "percent_statements_covered_display": "0"}, "missing_lines": [29, 30, 32, 33, 38, 39, 44, 45, 50, 52, 66, 68, 72, 75, 77, 78, 80, 81, 82, 83, 84, 85, 89, 90, 96, 97, 100, 122, 126, 127, 128, 129, 133, 134, 135, 137, 138, 139, 148, 152, 154, 155, 157, 158, 159, 160, 172, 176, 177, 178, 179, 183, 184, 185, 186, 187], "excluded_lines": []}, "": {"executed_lines": [], "summary": {"covered_lines": 0, "num_statements": 16, "percent_covered": 0.0, "percent_covered_display": "0", "missing_lines": 16, "excluded_lines": 0, "percent_statements_covered": 0.0, "percent_statements_covered_display": "0"}, "missing_lines": [3, 4, 5, 6, 7, 9, 11, 14, 17, 56, 87, 124, 131, 150, 174, 181], "excluded_lines": []}}}, "src\\extraction\\extraction_service.py": {"executed_lines": [], "summary": {"covered_lines": 0, "num_statements": 43, "percent_covered": 0.0, "percent_covered_display": "0", "missing_lines": 43, "excluded_lines": 0, "percent_statements_covered": 0.0, "percent_statements_covered_display": "0"}, "missing_lines": [3, 4, 5, 7, 8, 9, 10, 11, 13, 16, 19, 33, 36, 37, 39, 58, 60, 61, 64, 65, 67, 68, 69, 76, 77, 81, 82, 85, 92, 95, 96, 98, 105, 106, 109, 110, 112, 122, 123, 125, 126, 127, 128], "excluded_lines": [], "functions": {"ExtractionService.__init__": {"executed_lines": [], "summary": {"covered_lines": 0, "num_statements": 3, "percent_covered": 0.0, "percent_covered_display": "0", "missing_lines": 3, "excluded_lines": 0, "percent_statements_covered": 0.0, "percent_statements_covered_display": "0"}, "missing_lines": [33, 36, 37], "excluded_lines": []}, "ExtractionService.extract_invoice": {"executed_lines": [], "summary": {"covered_lines": 0, "num_statements": 28, "percent_covered": 0.0, "percent_covered_display": "0", "missing_lines": 28, "excluded_lines": 0, "percent_statements_covered": 0.0, "percent_statements_covered_display": "0"}, "missing_lines": [58, 60, 61, 64, 65, 67, 68, 69, 76, 77, 81, 82, 85, 92, 95, 96, 98, 105, 106, 109, 110, 112, 122, 123, 125, 126, 127, 128], "excluded_lines": []}, "": {"executed_lines": [], "summary": {"covered_lines": 0, "num_statements": 12, "percent_covered": 0.0, "percent_covered_display": "0", "missing_lines": 12, "excluded_lines": 0, "percent_statements_covered": 0.0, "percent_statements_covered_display": "0"}, "missing_lines": [3, 4, 5, 7, 8, 9, 10, 11, 13, 16, 19, 39], "excluded_lines": []}}, "classes": {"ExtractionService": {"executed_lines": [], "summary": {"covered_lines": 0, "num_statements": 31, "percent_covered": 0.0, "percent_covered_display": "0", "missing_lines": 31, "excluded_lines": 0, "percent_statements_covered": 0.0, "percent_statements_covered_display": "0"}, "missing_lines": [33, 36, 37, 58, 60, 61, 64, 65, 67, 68, 69, 76, 77, 81, 82, 85, 92, 95, 96, 98, 105, 106, 109, 110, 112, 122, 123, 125, 126, 127, 128], "excluded_lines": []}, "": {"executed_lines": [], "summary": {"covered_lines": 0, "num_statements": 12, "percent_covered": 0.0, "percent_covered_display": "0", "missing_lines": 12, "excluded_lines": 0, "percent_statements_covered": 0.0, "percent_statements_covered_display": "0"}, "missing_lines": [3, 4, 5, 7, 8, 9, 10, 11, 13, 16, 19, 39], "excluded_lines": []}}}, "src\\extraction\\field_extractor.py": {"executed_lines": [], "summary": {"covered_lines": 0, "num_statements": 177, "percent_covered": 0.0, "percent_covered_display": "0", "missing_lines": 177, "excluded_lines": 0, "percent_statements_covered": 0.0, "percent_statements_covered_display": "0"}, "missing_lines": [3, 4, 5, 6, 9, 14, 18, 19, 21, 24, 27, 29, 30, 32, 54, 63, 64, 67, 70, 73, 78, 81, 84, 85, 86, 89, 92, 95, 98, 99, 100, 103, 106, 111, 114, 119, 122, 125, 130, 133, 134, 137, 142, 143, 146, 147, 150, 154, 156, 158, 162, 163, 166, 186, 187, 188, 194, 208, 209, 211, 213, 215, 217, 218, 220, 221, 223, 225, 227, 228, 230, 231, 233, 234, 236, 237, 239, 240, 241, 242, 244, 245, 246, 247, 249, 251, 253, 254, 256, 257, 259, 260, 262, 264, 265, 266, 267, 268, 269, 270, 271, 273, 274, 275, 277, 279, 281, 282, 285, 287, 289, 296, 297, 299, 307, 311, 312, 313, 314, 315, 316, 317, 318, 319, 322, 324, 330, 332, 333, 334, 337, 339, 355, 357, 359, 361, 362, 364, 365, 367, 369, 383, 384, 386, 387, 390, 392, 394, 395, 398, 403, 404, 409, 410, 411, 414, 415, 418, 419, 421, 423, 435, 436, 439, 442, 443, 444, 445, 449, 458, 461, 462, 463, 464, 467, 468, 470], "excluded_lines": [], "functions": {"FieldExtractor.__init__": {"executed_lines": [], "summary": {"covered_lines": 0, "num_statements": 2, "percent_covered": 0.0, "percent_covered_display": "0", "missing_lines": 2, "excluded_lines": 0, "percent_statements_covered": 0.0, "percent_statements_covered_display": "0"}, "missing_lines": [29, 30], "excluded_lines": []}, "FieldExtractor.extract_invoice": {"executed_lines": [], "summary": {"covered_lines": 0, "num_statements": 34, "percent_covered": 0.0, "percent_covered_display": "0", "missing_lines": 34, "excluded_lines": 0, "percent_statements_covered": 0.0, "percent_statements_covered_display": "0"}, "missing_lines": [54, 63, 64, 67, 70, 73, 78, 81, 84, 85, 86, 89, 92, 95, 98, 99, 100, 103, 106, 111, 114, 119, 122, 125, 130, 133, 134, 137, 142, 143, 146, 147, 150, 154], "excluded_lines": []}, "FieldExtractor._extract_field_confidence": {"executed_lines": [], "summary": {"covered_lines": 0, "num_statements": 12, "percent_covered": 0.0, "percent_covered_display": "0", "missing_lines": 12, "excluded_lines": 0, "percent_statements_covered": 0.0, "percent_statements_covered_display": "0"}, "missing_lines": [158, 162, 163, 166, 186, 187, 188, 194, 208, 209, 211, 213], "excluded_lines": []}, "FieldExtractor._get_field_value": {"executed_lines": [], "summary": {"covered_lines": 0, "num_statements": 5, "percent_covered": 0.0, "percent_covered_display": "0", "missing_lines": 5, "excluded_lines": 0, "percent_statements_covered": 0.0, "percent_statements_covered_display": "0"}, "missing_lines": [217, 218, 220, 221, 223], "excluded_lines": []}, "FieldExtractor._parse_date": {"executed_lines": [], "summary": {"covered_lines": 0, "num_statements": 17, "percent_covered": 0.0, "percent_covered_display": "0", "missing_lines": 17, "excluded_lines": 0, "percent_statements_covered": 0.0, "percent_statements_covered_display": "0"}, "missing_lines": [227, 228, 230, 231, 233, 234, 236, 237, 239, 240, 241, 242, 244, 245, 246, 247, 249], "excluded_lines": []}, "FieldExtractor._parse_decimal": {"executed_lines": [], "summary": {"covered_lines": 0, "num_statements": 19, "percent_covered": 0.0, "percent_covered_display": "0", "missing_lines": 19, "excluded_lines": 0, "percent_statements_covered": 0.0, "percent_statements_covered_display": "0"}, "missing_lines": [253, 254, 256, 257, 259, 260, 262, 264, 265, 266, 267, 268, 269, 270, 271, 273, 274, 275, 277], "excluded_lines": []}, "FieldExtractor._map_address": {"executed_lines": [], "summary": {"covered_lines": 0, "num_statements": 8, "percent_covered": 0.0, "percent_covered_display": "0", "missing_lines": 8, "excluded_lines": 0, "percent_statements_covered": 0.0, "percent_statements_covered_display": "0"}, "missing_lines": [281, 282, 285, 287, 289, 296, 297, 299], "excluded_lines": []}, "FieldExtractor._extract_tax_breakdown": {"executed_lines": [], "summary": {"covered_lines": 0, "num_statements": 10, "percent_covered": 0.0, "percent_covered_display": "0", "missing_lines": 10, "excluded_lines": 0, "percent_statements_covered": 0.0, "percent_statements_covered_display": "0"}, "missing_lines": [311, 312, 313, 314, 315, 316, 317, 318, 319, 322], "excluded_lines": []}, "FieldExtractor._extract_line_items": {"executed_lines": [], "summary": {"covered_lines": 0, "num_statements": 8, "percent_covered": 0.0, "percent_covered_display": "0", "missing_lines": 8, "excluded_lines": 0, "percent_statements_covered": 0.0, "percent_statements_covered_display": "0"}, "missing_lines": [330, 332, 333, 334, 337, 339, 355, 357], "excluded_lines": []}, "FieldExtractor._normalize_currency": {"executed_lines": [], "summary": {"covered_lines": 0, "num_statements": 11, "percent_covered": 0.0, "percent_covered_display": "0", "missing_lines": 11, "excluded_lines": 0, "percent_statements_covered": 0.0, "percent_statements_covered_display": "0"}, "missing_lines": [361, 362, 364, 365, 367, 369, 383, 384, 386, 387, 390], "excluded_lines": []}, "FieldExtractor._calculate_overall_confidence": {"executed_lines": [], "summary": {"covered_lines": 0, "num_statements": 13, "percent_covered": 0.0, "percent_covered_display": "0", "missing_lines": 13, "excluded_lines": 0, "percent_statements_covered": 0.0, "percent_statements_covered_display": "0"}, "missing_lines": [394, 395, 398, 403, 404, 409, 410, 411, 414, 415, 418, 419, 421], "excluded_lines": []}, "FieldExtractor._detect_and_extract_subtype": {"executed_lines": [], "summary": {"covered_lines": 0, "num_statements": 16, "percent_covered": 0.0, "percent_covered_display": "0", "missing_lines": 16, "excluded_lines": 0, "percent_statements_covered": 0.0, "percent_statements_covered_display": "0"}, "missing_lines": [435, 436, 439, 442, 443, 444, 445, 449, 458, 461, 462, 463, 464, 467, 468, 470], "excluded_lines": []}, "": {"executed_lines": [], "summary": {"covered_lines": 0, "num_statements": 22, "percent_covered": 0.0, "percent_covered_display": "0", "missing_lines": 22, "excluded_lines": 0, "percent_statements_covered": 0.0, "percent_statements_covered_display": "0"}, "missing_lines": [3, 4, 5, 6, 9, 14, 18, 19, 21, 24, 27, 32, 156, 215, 225, 251, 279, 307, 324, 359, 392, 423], "excluded_lines": []}}, "classes": {"FieldExtractor": {"executed_lines": [], "summary": {"covered_lines": 0, "num_statements": 155, "percent_covered": 0.0, "percent_covered_display": "0", "missing_lines": 155, "excluded_lines": 0, "percent_statements_covered": 0.0, "percent_statements_covered_display": "0"}, "missing_lines": [29, 30, 54, 63, 64, 67, 70, 73, 78, 81, 84, 85, 86, 89, 92, 95, 98, 99, 100, 103, 106, 111, 114, 119, 122, 125, 130, 133, 134, 137, 142, 143, 146, 147, 150, 154, 158, 162, 163, 166, 186, 187, 188, 194, 208, 209, 211, 213, 217, 218, 220, 221, 223, 227, 228, 230, 231, 233, 234, 236, 237, 239, 240, 241, 242, 244, 245, 246, 247, 249, 253, 254, 256, 257, 259, 260, 262, 264, 265, 266, 267, 268, 269, 270, 271, 273, 274, 275, 277, 281, 282, 285, 287, 289, 296, 297, 299, 311, 312, 313, 314, 315, 316, 317, 318, 319, 322, 330, 332, 333, 334, 337, 339, 355, 357, 361, 362, 364, 365, 367, 369, 383, 384, 386, 387, 390, 394, 395, 398, 403, 404, 409, 410, 411, 414, 415, 418, 419, 421, 435, 436, 439, 442, 443, 444, 445, 449, 458, 461, 462, 463, 464, 467, 468, 470], "excluded_lines": []}, "": {"executed_lines": [], "summary": {"covered_lines": 0, "num_statements": 22, "percent_covered": 0.0, "percent_covered_display": "0", "missing_lines": 22, "excluded_lines": 0, "percent_statements_covered": 0.0, "percent_statements_covered_display": "0"}, "missing_lines": [3, 4, 5, 6, 9, 14, 18, 19, 21, 24, 27, 32, 156, 215, 225, 251, 279, 307, 324, 359, 392, 423], "excluded_lines": []}}}, "src\\extraction\\subtype_extractors.py": {"executed_lines": [1, 3, 4, 5, 6, 7, 8, 10, 18, 21, 22, 24, 83, 100, 130, 133, 141, 142, 143, 144, 145, 146, 147, 148, 154, 179, 212, 229, 231, 234, 235, 236, 250, 271, 272, 274, 339, 355, 370, 385, 400, 414, 429, 449, 467, 485, 497], "summary": {"covered_lines": 44, "num_statements": 270, "percent_covered": 16.296296296296298, "percent_covered_display": "16", "missing_lines": 226, "excluded_lines": 0, "percent_statements_covered": 16.296296296296298, "percent_statements_covered_display": "16"}, "missing_lines": [39, 42, 43, 45, 46, 49, 54, 55, 56, 57, 60, 65, 70, 73, 79, 81, 85, 86, 87, 90, 91, 92, 93, 94, 95, 96, 98, 107, 108, 109, 110, 111, 112, 113, 116, 123, 124, 125, 126, 128, 149, 150, 152, 160, 161, 162, 163, 164, 166, 172, 173, 174, 175, 177, 185, 186, 187, 188, 189, 190, 191, 192, 193, 194, 196, 202, 203, 204, 205, 206, 207, 208, 210, 214, 219, 220, 221, 222, 223, 224, 225, 227, 232, 237, 238, 239, 240, 241, 242, 243, 244, 245, 246, 248, 252, 253, 255, 256, 257, 259, 260, 262, 263, 264, 265, 266, 268, 291, 294, 295, 298, 299, 301, 304, 305, 308, 311, 312, 315, 316, 317, 318, 319, 320, 323, 324, 325, 328, 335, 337, 341, 342, 343, 345, 346, 347, 348, 349, 350, 351, 353, 357, 363, 364, 365, 366, 368, 372, 378, 379, 380, 381, 383, 387, 393, 394, 395, 396, 398, 402, 407, 408, 409, 410, 412, 416, 422, 423, 424, 425, 427, 431, 434, 435, 436, 437, 438, 441, 442, 443, 444, 445, 447, 451, 457, 458, 459, 460, 461, 462, 463, 465, 469, 475, 476, 477, 478, 479, 480, 481, 483, 487, 488, 489, 490, 491, 492, 493, 494, 495, 499, 500, 502, 503, 504, 505, 506, 507, 508, 509, 510, 511, 512, 513, 514, 516], "excluded_lines": [], "functions": {"ShiftServiceExtractor.extract": {"executed_lines": [], "summary": {"covered_lines": 0, "num_statements": 16, "percent_covered": 0.0, "percent_covered_display": "0", "missing_lines": 16, "excluded_lines": 0, "percent_statements_covered": 0.0, "percent_statements_covered_display": "0"}, "missing_lines": [39, 42, 43, 45, 46, 49, 54, 55, 56, 57, 60, 65, 70, 73, 79, 81], "excluded_lines": []}, "ShiftServiceExtractor._extract_text_from_di_data": {"executed_lines": [], "summary": {"covered_lines": 0, "num_statements": 11, "percent_covered": 0.0, "percent_covered_display": "0", "missing_lines": 11, "excluded_lines": 0, "percent_statements_covered": 0.0, "percent_statements_covered_display": "0"}, "missing_lines": [85, 86, 87, 90, 91, 92, 93, 94, 95, 96, 98], "excluded_lines": []}, "ShiftServiceExtractor._extract_service_location": {"executed_lines": [], "summary": {"covered_lines": 0, "num_statements": 13, "percent_covered": 0.0, "percent_covered_display": "0", "missing_lines": 13, "excluded_lines": 0, "percent_statements_covered": 0.0, "percent_statements_covered_display": "0"}, "missing_lines": [107, 108, 109, 110, 111, 112, 113, 116, 123, 124, 125, 126, 128], "excluded_lines": []}, "ShiftServiceExtractor._extract_billing_period": {"executed_lines": [133, 141, 142, 143, 144, 145, 146, 147, 148], "summary": {"covered_lines": 9, "num_statements": 12, "percent_covered": 75.0, "percent_covered_display": "75", "missing_lines": 3, "excluded_lines": 0, "percent_statements_covered": 75.0, "percent_statements_covered_display": "75"}, "missing_lines": [149, 150, 152], "excluded_lines": []}, "ShiftServiceExtractor._extract_shift_rate": {"executed_lines": [], "summary": {"covered_lines": 0, "num_statements": 11, "percent_covered": 0.0, "percent_covered_display": "0", "missing_lines": 11, "excluded_lines": 0, "percent_statements_covered": 0.0, "percent_statements_covered_display": "0"}, "missing_lines": [160, 161, 162, 163, 164, 166, 172, 173, 174, 175, 177], "excluded_lines": []}, "ShiftServiceExtractor._extract_total_shifts": {"executed_lines": [], "summary": {"covered_lines": 0, "num_statements": 19, "percent_covered": 0.0, "percent_covered_display": "0", "missing_lines": 19, "excluded_lines": 0, "percent_statements_covered": 0.0, "percent_statements_covered_display": "0"}, "missing_lines": [185, 186, 187, 188, 189, 190, 191, 192, 193, 194, 196, 202, 203, 204, 205, 206, 207, 208, 210], "excluded_lines": []}, "ShiftServiceExtractor._extract_min_shifts": {"executed_lines": [], "summary": {"covered_lines": 0, "num_statements": 9, "percent_covered": 0.0, "percent_covered_display": "0", "missing_lines": 9, "excluded_lines": 0, "percent_statements_covered": 0.0, "percent_statements_covered_display": "0"}, "missing_lines": [214, 219, 220, 221, 222, 223, 224, 225, 227], "excluded_lines": []}, "ShiftServiceExtractor._parse_date": {"executed_lines": [231, 234, 235, 236], "summary": {"covered_lines": 4, "num_statements": 16, "percent_covered": 25.0, "percent_covered_display": "25", "missing_lines": 12, "excluded_lines": 0, "percent_statements_covered": 25.0, "percent_statements_covered_display": "25"}, "missing_lines": [232, 237, 238, 239, 240, 241, 242, 243, 244, 245, 246, 248], "excluded_lines": []}, "ShiftServiceExtractor._parse_decimal": {"executed_lines": [], "summary": {"covered_lines": 0, "num_statements": 13, "percent_covered": 0.0, "percent_covered_display": "0", "missing_lines": 13, "excluded_lines": 0, "percent_statements_covered": 0.0, "percent_statements_covered_display": "0"}, "missing_lines": [252, 253, 255, 256, 257, 259, 260, 262, 263, 264, 265, 266, 268], "excluded_lines": []}, "PerDiemTravelExtractor.extract": {"executed_lines": [], "summary": {"covered_lines": 0, "num_statements": 23, "percent_covered": 0.0, "percent_covered_display": "0", "missing_lines": 23, "excluded_lines": 0, "percent_statements_covered": 0.0, "percent_statements_covered_display": "0"}, "missing_lines": [291, 294, 295, 298, 299, 301, 304, 305, 308, 311, 312, 315, 316, 317, 318, 319, 320, 323, 324, 325, 328, 335, 337], "excluded_lines": []}, "PerDiemTravelExtractor._extract_text_from_di_data": {"executed_lines": [], "summary": {"covered_lines": 0, "num_statements": 11, "percent_covered": 0.0, "percent_covered_display": "0", "missing_lines": 11, "excluded_lines": 0, "percent_statements_covered": 0.0, "percent_statements_covered_display": "0"}, "missing_lines": [341, 342, 343, 345, 346, 347, 348, 349, 350, 351, 353], "excluded_lines": []}, "PerDiemTravelExtractor._extract_traveller_id": {"executed_lines": [], "summary": {"covered_lines": 0, "num_statements": 6, "percent_covered": 0.0, "percent_covered_display": "0", "missing_lines": 6, "excluded_lines": 0, "percent_statements_covered": 0.0, "percent_statements_covered_display": "0"}, "missing_lines": [357, 363, 364, 365, 366, 368], "excluded_lines": []}, "PerDiemTravelExtractor._extract_traveller_name": {"executed_lines": [], "summary": {"covered_lines": 0, "num_statements": 6, "percent_covered": 0.0, "percent_covered_display": "0", "missing_lines": 6, "excluded_lines": 0, "percent_statements_covered": 0.0, "percent_statements_covered_display": "0"}, "missing_lines": [372, 378, 379, 380, 381, 383], "excluded_lines": []}, "PerDiemTravelExtractor._extract_course_code": {"executed_lines": [], "summary": {"covered_lines": 0, "num_statements": 6, "percent_covered": 0.0, "percent_covered_display": "0", "missing_lines": 6, "excluded_lines": 0, "percent_statements_covered": 0.0, "percent_statements_covered_display": "0"}, "missing_lines": [387, 393, 394, 395, 396, 398], "excluded_lines": []}, "PerDiemTravelExtractor._extract_work_location": {"executed_lines": [], "summary": {"covered_lines": 0, "num_statements": 6, "percent_covered": 0.0, "percent_covered_display": "0", "missing_lines": 6, "excluded_lines": 0, "percent_statements_covered": 0.0, "percent_statements_covered_display": "0"}, "missing_lines": [402, 407, 408, 409, 410, 412], "excluded_lines": []}, "PerDiemTravelExtractor._extract_destination_location": {"executed_lines": [], "summary": {"covered_lines": 0, "num_statements": 6, "percent_covered": 0.0, "percent_covered_display": "0", "missing_lines": 6, "excluded_lines": 0, "percent_statements_covered": 0.0, "percent_statements_covered_display": "0"}, "missing_lines": [416, 422, 423, 424, 425, 427], "excluded_lines": []}, "PerDiemTravelExtractor._extract_travel_dates": {"executed_lines": [], "summary": {"covered_lines": 0, "num_statements": 12, "percent_covered": 0.0, "percent_covered_display": "0", "missing_lines": 12, "excluded_lines": 0, "percent_statements_covered": 0.0, "percent_statements_covered_display": "0"}, "missing_lines": [431, 434, 435, 436, 437, 438, 441, 442, 443, 444, 445, 447], "excluded_lines": []}, "PerDiemTravelExtractor._extract_daily_rate": {"executed_lines": [], "summary": {"covered_lines": 0, "num_statements": 9, "percent_covered": 0.0, "percent_covered_display": "0", "missing_lines": 9, "excluded_lines": 0, "percent_statements_covered": 0.0, "percent_statements_covered_display": "0"}, "missing_lines": [451, 457, 458, 459, 460, 461, 462, 463, 465], "excluded_lines": []}, "PerDiemTravelExtractor._extract_travel_days": {"executed_lines": [], "summary": {"covered_lines": 0, "num_statements": 9, "percent_covered": 0.0, "percent_covered_display": "0", "missing_lines": 9, "excluded_lines": 0, "percent_statements_covered": 0.0, "percent_statements_covered_display": "0"}, "missing_lines": [469, 475, 476, 477, 478, 479, 480, 481, 483], "excluded_lines": []}, "PerDiemTravelExtractor._extract_line_total": {"executed_lines": [], "summary": {"covered_lines": 0, "num_statements": 9, "percent_covered": 0.0, "percent_covered_display": "0", "missing_lines": 9, "excluded_lines": 0, "percent_statements_covered": 0.0, "percent_statements_covered_display": "0"}, "missing_lines": [487, 488, 489, 490, 491, 492, 493, 494, 495], "excluded_lines": []}, "PerDiemTravelExtractor._parse_date": {"executed_lines": [], "summary": {"covered_lines": 0, "num_statements": 16, "percent_covered": 0.0, "percent_covered_display": "0", "missing_lines": 16, "excluded_lines": 0, "percent_statements_covered": 0.0, "percent_statements_covered_display": "0"}, "missing_lines": [499, 500, 502, 503, 504, 505, 506, 507, 508, 509, 510, 511, 512, 513, 514, 516], "excluded_lines": []}, "": {"executed_lines": [1, 3, 4, 5, 6, 7, 8, 10, 18, 21, 22, 24, 83, 100, 130, 154, 179, 212, 229, 250, 271, 272, 274, 339, 355, 370, 385, 400, 414, 429, 449, 467, 485, 497], "summary": {"covered_lines": 31, "num_statements": 31, "percent_covered": 100.0, "percent_covered_display": "100", "missing_lines": 0, "excluded_lines": 0, "percent_statements_covered": 100.0, "percent_statements_covered_display": "100"}, "missing_lines": [], "excluded_lines": []}}, "classes": {"ShiftServiceExtractor": {"executed_lines": [133, 141, 142, 143, 144, 145, 146, 147, 148, 231, 234, 235, 236], "summary": {"covered_lines": 13, "num_statements": 120, "percent_covered": 10.833333333333334, "percent_covered_display": "11", "missing_lines": 107, "excluded_lines": 0, "percent_statements_covered": 10.833333333333334, "percent_statements_covered_display": "11"}, "missing_lines": [39, 42, 43, 45, 46, 49, 54, 55, 56, 57, 60, 65, 70, 73, 79, 81, 85, 86, 87, 90, 91, 92, 93, 94, 95, 96, 98, 107, 108, 109, 110, 111, 112, 113, 116, 123, 124, 125, 126, 128, 149, 150, 152, 160, 161, 162, 163, 164, 166, 172, 173, 174, 175, 177, 185, 186, 187, 188, 189, 190, 191, 192, 193, 194, 196, 202, 203, 204, 205, 206, 207, 208, 210, 214, 219, 220, 221, 222, 223, 224, 225, 227, 232, 237, 238, 239, 240, 241, 242, 243, 244, 245, 246, 248, 252, 253, 255, 256, 257, 259, 260, 262, 263, 264, 265, 266, 268], "excluded_lines": []}, "PerDiemTravelExtractor": {"executed_lines": [], "summary": {"covered_lines": 0, "num_statements": 119, "percent_covered": 0.0, "percent_covered_display": "0", "missing_lines": 119, "excluded_lines": 0, "percent_statements_covered": 0.0, "percent_statements_covered_display": "0"}, "missing_lines": [291, 294, 295, 298, 299, 301, 304, 305, 308, 311, 312, 315, 316, 317, 318, 319, 320, 323, 324, 325, 328, 335, 337, 341, 342, 343, 345, 346, 347, 348, 349, 350, 351, 353, 357, 363, 364, 365, 366, 368, 372, 378, 379, 380, 381, 383, 387, 393, 394, 395, 396, 398, 402, 407, 408, 409, 410, 412, 416, 422, 423, 424, 425, 427, 431, 434, 435, 436, 437, 438, 441, 442, 443, 444, 445, 447, 451, 457, 458, 459, 460, 461, 462, 463, 465, 469, 475, 476, 477, 478, 479, 480, 481, 483, 487, 488, 489, 490, 491, 492, 493, 494, 495, 499, 500, 502, 503, 504, 505, 506, 507, 508, 509, 510, 511, 512, 513, 514, 516], "excluded_lines": []}, "": {"executed_lines": [1, 3, 4, 5, 6, 7, 8, 10, 18, 21, 22, 24, 83, 100, 130, 154, 179, 212, 229, 250, 271, 272, 274, 339, 355, 370, 385, 400, 414, 429, 449, 467, 485, 497], "summary": {"covered_lines": 31, "num_statements": 31, "percent_covered": 100.0, "percent_covered_display": "100", "missing_lines": 0, "excluded_lines": 0, "percent_statements_covered": 100.0, "percent_statements_covered_display": "100"}, "missing_lines": [], "excluded_lines": []}}}, "src\\ingestion\\__init__.py": {"executed_lines": [], "summary": {"covered_lines": 0, "num_statements": 0, "percent_covered": 100.0, "percent_covered_display": "100", "missing_lines": 0, "excluded_lines": 0, "percent_statements_covered": 100.0, "percent_statements_covered_display": "100"}, "missing_lines": [], "excluded_lines": [], "functions": {"": {"executed_lines": [], "summary": {"covered_lines": 0, "num_statements": 0, "percent_covered": 100.0, "percent_covered_display": "100", "missing_lines": 0, "excluded_lines": 0, "percent_statements_covered": 100.0, "percent_statements_covered_display": "100"}, "missing_lines": [], "excluded_lines": []}}, "classes": {"": {"executed_lines": [], "summary": {"covered_lines": 0, "num_statements": 0, "percent_covered": 100.0, "percent_covered_display": "100", "missing_lines": 0, "excluded_lines": 0, "percent_statements_covered": 100.0, "percent_statements_covered_display": "100"}, "missing_lines": [], "excluded_lines": []}}}, "src\\ingestion\\file_handler.py": {"executed_lines": [], "summary": {"covered_lines": 0, "num_statements": 88, "percent_covered": 0.0, "percent_covered_display": "0", "missing_lines": 88, "excluded_lines": 0, "percent_statements_covered": 0.0, "percent_statements_covered_display": "0"}, "missing_lines": [3, 4, 5, 6, 7, 8, 10, 12, 15, 18, 30, 31, 33, 35, 36, 37, 38, 39, 40, 43, 44, 45, 47, 48, 49, 52, 53, 54, 55, 60, 62, 65, 66, 67, 68, 69, 70, 71, 72, 73, 74, 76, 78, 79, 80, 81, 82, 83, 84, 86, 103, 104, 105, 106, 108, 109, 111, 113, 121, 122, 124, 133, 134, 136, 144, 146, 150, 151, 153, 159, 169, 170, 172, 182, 183, 184, 186, 187, 188, 189, 191, 193, 194, 195, 197, 198, 199, 200], "excluded_lines": [], "functions": {"FileHandler.__init__": {"executed_lines": [], "summary": {"covered_lines": 0, "num_statements": 31, "percent_covered": 0.0, "percent_covered_display": "0", "missing_lines": 31, "excluded_lines": 0, "percent_statements_covered": 0.0, "percent_statements_covered_display": "0"}, "missing_lines": [30, 31, 33, 35, 36, 37, 38, 39, 40, 43, 44, 45, 47, 48, 49, 52, 53, 54, 55, 60, 62, 65, 66, 67, 68, 69, 70, 71, 72, 73, 74], "excluded_lines": []}, "FileHandler._ensure_container_exists": {"executed_lines": [], "summary": {"covered_lines": 0, "num_statements": 7, "percent_covered": 0.0, "percent_covered_display": "0", "missing_lines": 7, "excluded_lines": 0, "percent_statements_covered": 0.0, "percent_statements_covered_display": "0"}, "missing_lines": [78, 79, 80, 81, 82, 83, 84], "excluded_lines": []}, "FileHandler.upload_file": {"executed_lines": [], "summary": {"covered_lines": 0, "num_statements": 7, "percent_covered": 0.0, "percent_covered_display": "0", "missing_lines": 7, "excluded_lines": 0, "percent_statements_covered": 0.0, "percent_statements_covered_display": "0"}, "missing_lines": [103, 104, 105, 106, 108, 109, 111], "excluded_lines": []}, "FileHandler._upload_to_local": {"executed_lines": [], "summary": {"covered_lines": 0, "num_statements": 5, "percent_covered": 0.0, "percent_covered_display": "0", "missing_lines": 5, "excluded_lines": 0, "percent_statements_covered": 0.0, "percent_statements_covered_display": "0"}, "missing_lines": [121, 122, 124, 133, 134], "excluded_lines": []}, "FileHandler._upload_to_azure": {"executed_lines": [], "summary": {"covered_lines": 0, "num_statements": 8, "percent_covered": 0.0, "percent_covered_display": "0", "missing_lines": 8, "excluded_lines": 0, "percent_statements_covered": 0.0, "percent_statements_covered_display": "0"}, "missing_lines": [144, 146, 150, 151, 153, 159, 169, 170], "excluded_lines": []}, "FileHandler.download_file": {"executed_lines": [], "summary": {"covered_lines": 0, "num_statements": 7, "percent_covered": 0.0, "percent_covered_display": "0", "missing_lines": 7, "excluded_lines": 0, "percent_statements_covered": 0.0, "percent_statements_covered_display": "0"}, "missing_lines": [182, 183, 184, 186, 187, 188, 189], "excluded_lines": []}, "FileHandler.get_file_path": {"executed_lines": [], "summary": {"covered_lines": 0, "num_statements": 7, "percent_covered": 0.0, "percent_covered_display": "0", "missing_lines": 7, "excluded_lines": 0, "percent_statements_covered": 0.0, "percent_statements_covered_display": "0"}, "missing_lines": [193, 194, 195, 197, 198, 199, 200], "excluded_lines": []}, "": {"executed_lines": [], "summary": {"covered_lines": 0, "num_statements": 16, "percent_covered": 0.0, "percent_covered_display": "0", "missing_lines": 16, "excluded_lines": 0, "percent_statements_covered": 0.0, "percent_statements_covered_display": "0"}, "missing_lines": [3, 4, 5, 6, 7, 8, 10, 12, 15, 18, 76, 86, 113, 136, 172, 191], "excluded_lines": []}}, "classes": {"FileHandler": {"executed_lines": [], "summary": {"covered_lines": 0, "num_statements": 72, "percent_covered": 0.0, "percent_covered_display": "0", "missing_lines": 72, "excluded_lines": 0, "percent_statements_covered": 0.0, "percent_statements_covered_display": "0"}, "missing_lines": [30, 31, 33, 35, 36, 37, 38, 39, 40, 43, 44, 45, 47, 48, 49, 52, 53, 54, 55, 60, 62, 65, 66, 67, 68, 69, 70, 71, 72, 73, 74, 78, 79, 80, 81, 82, 83, 84, 103, 104, 105, 106, 108, 109, 111, 121, 122, 124, 133, 134, 144, 146, 150, 151, 153, 159, 169, 170, 182, 183, 184, 186, 187, 188, 189, 193, 194, 195, 197, 198, 199, 200], "excluded_lines": []}, "": {"executed_lines": [], "summary": {"covered_lines": 0, "num_statements": 16, "percent_covered": 0.0, "percent_covered_display": "0", "missing_lines": 16, "excluded_lines": 0, "percent_statements_covered": 0.0, "percent_statements_covered_display": "0"}, "missing_lines": [3, 4, 5, 6, 7, 8, 10, 12, 15, 18, 76, 86, 113, 136, 172, 191], "excluded_lines": []}}}, "src\\ingestion\\ingestion_service.py": {"executed_lines": [], "summary": {"covered_lines": 0, "num_statements": 34, "percent_covered": 0.0, "percent_covered_display": "0", "missing_lines": 34, "excluded_lines": 0, "percent_statements_covered": 0.0, "percent_statements_covered_display": "0"}, "missing_lines": [3, 4, 5, 6, 8, 9, 10, 11, 13, 16, 19, 31, 32, 34, 49, 51, 53, 58, 59, 60, 66, 69, 75, 76, 79, 81, 90, 92, 103, 104, 106, 107, 108, 109], "excluded_lines": [], "functions": {"IngestionService.__init__": {"executed_lines": [], "summary": {"covered_lines": 0, "num_statements": 2, "percent_covered": 0.0, "percent_covered_display": "0", "missing_lines": 2, "excluded_lines": 0, "percent_statements_covered": 0.0, "percent_statements_covered_display": "0"}, "missing_lines": [31, 32], "excluded_lines": []}, "IngestionService.ingest_invoice": {"executed_lines": [], "summary": {"covered_lines": 0, "num_statements": 20, "percent_covered": 0.0, "percent_covered_display": "0", "missing_lines": 20, "excluded_lines": 0, "percent_statements_covered": 0.0, "percent_statements_covered_display": "0"}, "missing_lines": [49, 51, 53, 58, 59, 60, 66, 69, 75, 76, 79, 81, 90, 92, 103, 104, 106, 107, 108, 109], "excluded_lines": []}, "": {"executed_lines": [], "summary": {"covered_lines": 0, "num_statements": 12, "percent_covered": 0.0, "percent_covered_display": "0", "missing_lines": 12, "excluded_lines": 0, "percent_statements_covered": 0.0, "percent_statements_covered_display": "0"}, "missing_lines": [3, 4, 5, 6, 8, 9, 10, 11, 13, 16, 19, 34], "excluded_lines": []}}, "classes": {"IngestionService": {"executed_lines": [], "summary": {"covered_lines": 0, "num_statements": 22, "percent_covered": 0.0, "percent_covered_display": "0", "missing_lines": 22, "excluded_lines": 0, "percent_statements_covered": 0.0, "percent_statements_covered_display": "0"}, "missing_lines": [31, 32, 49, 51, 53, 58, 59, 60, 66, 69, 75, 76, 79, 81, 90, 92, 103, 104, 106, 107, 108, 109], "excluded_lines": []}, "": {"executed_lines": [], "summary": {"covered_lines": 0, "num_statements": 12, "percent_covered": 0.0, "percent_covered_display": "0", "missing_lines": 12, "excluded_lines": 0, "percent_statements_covered": 0.0, "percent_statements_covered_display": "0"}, "missing_lines": [3, 4, 5, 6, 8, 9, 10, 11, 13, 16, 19, 34], "excluded_lines": []}}}, "src\\ingestion\\pdf_processor.py": {"executed_lines": [], "summary": {"covered_lines": 0, "num_statements": 42, "percent_covered": 0.0, "percent_covered_display": "0", "missing_lines": 42, "excluded_lines": 0, "percent_statements_covered": 0.0, "percent_statements_covered_display": "0"}, "missing_lines": [3, 4, 5, 6, 7, 9, 11, 14, 17, 24, 25, 27, 43, 44, 47, 48, 49, 51, 52, 58, 59, 60, 62, 63, 65, 66, 69, 70, 72, 77, 79, 80, 81, 82, 84, 94, 95, 96, 98, 103, 104, 105], "excluded_lines": [], "functions": {"PDFProcessor.__init__": {"executed_lines": [], "summary": {"covered_lines": 0, "num_statements": 2, "percent_covered": 0.0, "percent_covered_display": "0", "missing_lines": 2, "excluded_lines": 0, "percent_statements_covered": 0.0, "percent_statements_covered_display": "0"}, "missing_lines": [24, 25], "excluded_lines": []}, "PDFProcessor.validate_file": {"executed_lines": [], "summary": {"covered_lines": 0, "num_statements": 22, "percent_covered": 0.0, "percent_covered_display": "0", "missing_lines": 22, "excluded_lines": 0, "percent_statements_covered": 0.0, "percent_statements_covered_display": "0"}, "missing_lines": [43, 44, 47, 48, 49, 51, 52, 58, 59, 60, 62, 63, 65, 66, 69, 70, 72, 77, 79, 80, 81, 82], "excluded_lines": []}, "PDFProcessor.get_pdf_info": {"executed_lines": [], "summary": {"covered_lines": 0, "num_statements": 7, "percent_covered": 0.0, "percent_covered_display": "0", "missing_lines": 7, "excluded_lines": 0, "percent_statements_covered": 0.0, "percent_statements_covered_display": "0"}, "missing_lines": [94, 95, 96, 98, 103, 104, 105], "excluded_lines": []}, "": {"executed_lines": [], "summary": {"covered_lines": 0, "num_statements": 11, "percent_covered": 0.0, "percent_covered_display": "0", "missing_lines": 11, "excluded_lines": 0, "percent_statements_covered": 0.0, "percent_statements_covered_display": "0"}, "missing_lines": [3, 4, 5, 6, 7, 9, 11, 14, 17, 27, 84], "excluded_lines": []}}, "classes": {"PDFProcessor": {"executed_lines": [], "summary": {"covered_lines": 0, "num_statements": 31, "percent_covered": 0.0, "percent_covered_display": "0", "missing_lines": 31, "excluded_lines": 0, "percent_statements_covered": 0.0, "percent_statements_covered_display": "0"}, "missing_lines": [24, 25, 43, 44, 47, 48, 49, 51, 52, 58, 59, 60, 62, 63, 65, 66, 69, 70, 72, 77, 79, 80, 81, 82, 94, 95, 96, 98, 103, 104, 105], "excluded_lines": []}, "": {"executed_lines": [], "summary": {"covered_lines": 0, "num_statements": 11, "percent_covered": 0.0, "percent_covered_display": "0", "missing_lines": 11, "excluded_lines": 0, "percent_statements_covered": 0.0, "percent_statements_covered_display": "0"}, "missing_lines": [3, 4, 5, 6, 7, 9, 11, 14, 17, 27, 84], "excluded_lines": []}}}, "src\\logging_config.py": {"executed_lines": [], "summary": {"covered_lines": 0, "num_statements": 19, "percent_covered": 0.0, "percent_covered_display": "0", "missing_lines": 19, "excluded_lines": 0, "percent_statements_covered": 0.0, "percent_statements_covered_display": "0"}, "missing_lines": [3, 4, 5, 8, 10, 13, 19, 20, 21, 24, 25, 26, 29, 30, 31, 32, 33, 36, 37], "excluded_lines": [], "functions": {"setup_logging": {"executed_lines": [], "summary": {"covered_lines": 0, "num_statements": 15, "percent_covered": 0.0, "percent_covered_display": "0", "missing_lines": 15, "excluded_lines": 0, "percent_statements_covered": 0.0, "percent_statements_covered_display": "0"}, "missing_lines": [10, 13, 19, 20, 21, 24, 25, 26, 29, 30, 31, 32, 33, 36, 37], "excluded_lines": []}, "": {"executed_lines": [], "summary": {"covered_lines": 0, "num_statements": 4, "percent_covered": 0.0, "percent_covered_display": "0", "missing_lines": 4, "excluded_lines": 0, "percent_statements_covered": 0.0, "percent_statements_covered_display": "0"}, "missing_lines": [3, 4, 5, 8], "excluded_lines": []}}, "classes": {"": {"executed_lines": [], "summary": {"covered_lines": 0, "num_statements": 19, "percent_covered": 0.0, "percent_covered_display": "0", "missing_lines": 19, "excluded_lines": 0, "percent_statements_covered": 0.0, "percent_statements_covered_display": "0"}, "missing_lines": [3, 4, 5, 8, 10, 13, 19, 20, 21, 24, 25, 26, 29, 30, 31, 32, 33, 36, 37], "excluded_lines": []}}}, "src\\matching\\__init__.py": {"executed_lines": [], "summary": {"covered_lines": 0, "num_statements": 2, "percent_covered": 0.0, "percent_covered_display": "0", "missing_lines": 2, "excluded_lines": 0, "percent_statements_covered": 0.0, "percent_statements_covered_display": "0"}, "missing_lines": [3, 10], "excluded_lines": [], "functions": {"": {"executed_lines": [], "summary": {"covered_lines": 0, "num_statements": 2, "percent_covered": 0.0, "percent_covered_display": "0", "missing_lines": 2, "excluded_lines": 0, "percent_statements_covered": 0.0, "percent_statements_covered_display": "0"}, "missing_lines": [3, 10], "excluded_lines": []}}, "classes": {"": {"executed_lines": [], "summary": {"covered_lines": 0, "num_statements": 2, "percent_covered": 0.0, "percent_covered_display": "0", "missing_lines": 2, "excluded_lines": 0, "percent_statements_covered": 0.0, "percent_statements_covered_display": "0"}, "missing_lines": [3, 10], "excluded_lines": []}}}, "src\\matching\\matching_service.py": {"executed_lines": [], "summary": {"covered_lines": 0, "num_statements": 118, "percent_covered": 0.0, "percent_covered_display": "0", "missing_lines": 118, "excluded_lines": 0, "percent_statements_covered": 0.0, "percent_statements_covered_display": "0"}, "missing_lines": [3, 4, 5, 6, 7, 8, 10, 11, 13, 14, 15, 17, 20, 22, 23, 24, 27, 28, 30, 31, 32, 33, 34, 35, 36, 37, 38, 41, 42, 45, 46, 47, 50, 51, 52, 53, 56, 59, 62, 69, 70, 72, 90, 91, 92, 93, 96, 97, 98, 99, 100, 103, 106, 107, 108, 109, 112, 113, 114, 115, 117, 119, 137, 138, 141, 142, 143, 144, 146, 147, 150, 151, 152, 153, 154, 156, 157, 160, 161, 162, 163, 164, 166, 167, 168, 169, 171, 173, 174, 176, 178, 181, 182, 183, 184, 185, 186, 187, 188, 190, 191, 192, 194, 196, 198, 200, 203, 210, 213, 214, 215, 216, 218, 220, 232, 244, 245, 260], "excluded_lines": [], "functions": {"MatchingService.__init__": {"executed_lines": [], "summary": {"covered_lines": 0, "num_statements": 2, "percent_covered": 0.0, "percent_covered_display": "0", "missing_lines": 2, "excluded_lines": 0, "percent_statements_covered": 0.0, "percent_statements_covered_display": "0"}, "missing_lines": [69, 70], "excluded_lines": []}, "MatchingService.match_invoice_to_po": {"executed_lines": [], "summary": {"covered_lines": 0, "num_statements": 19, "percent_covered": 0.0, "percent_covered_display": "0", "missing_lines": 19, "excluded_lines": 0, "percent_statements_covered": 0.0, "percent_statements_covered_display": "0"}, "missing_lines": [90, 91, 92, 93, 96, 97, 98, 99, 100, 103, 106, 107, 108, 109, 112, 113, 114, 115, 117], "excluded_lines": []}, "MatchingService._match_invoice_po_data": {"executed_lines": [], "summary": {"covered_lines": 0, "num_statements": 52, "percent_covered": 0.0, "percent_covered_display": "0", "missing_lines": 52, "excluded_lines": 0, "percent_statements_covered": 0.0, "percent_statements_covered_display": "0"}, "missing_lines": [137, 138, 141, 142, 143, 144, 146, 147, 150, 151, 152, 153, 154, 156, 157, 160, 161, 162, 163, 164, 166, 167, 168, 169, 171, 173, 174, 176, 178, 181, 182, 183, 184, 185, 186, 187, 188, 190, 191, 192, 194, 196, 198, 200, 203, 210, 213, 214, 215, 216, 218, 220], "excluded_lines": []}, "MatchingService._match_invoice_po_by_number": {"executed_lines": [], "summary": {"covered_lines": 0, "num_statements": 3, "percent_covered": 0.0, "percent_covered_display": "0", "missing_lines": 3, "excluded_lines": 0, "percent_statements_covered": 0.0, "percent_statements_covered_display": "0"}, "missing_lines": [244, 245, 260], "excluded_lines": []}, "": {"executed_lines": [], "summary": {"covered_lines": 0, "num_statements": 42, "percent_covered": 0.0, "percent_covered_display": "0", "missing_lines": 42, "excluded_lines": 0, "percent_statements_covered": 0.0, "percent_statements_covered_display": "0"}, "missing_lines": [3, 4, 5, 6, 7, 8, 10, 11, 13, 14, 15, 17, 20, 22, 23, 24, 27, 28, 30, 31, 32, 33, 34, 35, 36, 37, 38, 41, 42, 45, 46, 47, 50, 51, 52, 53, 56, 59, 62, 72, 119, 232], "excluded_lines": []}}, "classes": {"MatchStrategy": {"executed_lines": [], "summary": {"covered_lines": 0, "num_statements": 0, "percent_covered": 100.0, "percent_covered_display": "100", "missing_lines": 0, "excluded_lines": 0, "percent_statements_covered": 100.0, "percent_statements_covered_display": "100"}, "missing_lines": [], "excluded_lines": []}, "MatchResult": {"executed_lines": [], "summary": {"covered_lines": 0, "num_statements": 0, "percent_covered": 100.0, "percent_covered_display": "100", "missing_lines": 0, "excluded_lines": 0, "percent_statements_covered": 100.0, "percent_statements_covered_display": "100"}, "missing_lines": [], "excluded_lines": []}, "MatchCriteria": {"executed_lines": [], "summary": {"covered_lines": 0, "num_statements": 0, "percent_covered": 100.0, "percent_covered_display": "100", "missing_lines": 0, "excluded_lines": 0, "percent_statements_covered": 100.0, "percent_statements_covered_display": "100"}, "missing_lines": [], "excluded_lines": []}, "MatchingService": {"executed_lines": [], "summary": {"covered_lines": 0, "num_statements": 76, "percent_covered": 0.0, "percent_covered_display": "0", "missing_lines": 76, "excluded_lines": 0, "percent_statements_covered": 0.0, "percent_statements_covered_display": "0"}, "missing_lines": [69, 70, 90, 91, 92, 93, 96, 97, 98, 99, 100, 103, 106, 107, 108, 109, 112, 113, 114, 115, 117, 137, 138, 141, 142, 143, 144, 146, 147, 150, 151, 152, 153, 154, 156, 157, 160, 161, 162, 163, 164, 166, 167, 168, 169, 171, 173, 174, 176, 178, 181, 182, 183, 184, 185, 186, 187, 188, 190, 191, 192, 194, 196, 198, 200, 203, 210, 213, 214, 215, 216, 218, 220, 244, 245, 260], "excluded_lines": []}, "": {"executed_lines": [], "summary": {"covered_lines": 0, "num_statements": 42, "percent_covered": 0.0, "percent_covered_display": "0", "missing_lines": 42, "excluded_lines": 0, "percent_statements_covered": 0.0, "percent_statements_covered_display": "0"}, "missing_lines": [3, 4, 5, 6, 7, 8, 10, 11, 13, 14, 15, 17, 20, 22, 23, 24, 27, 28, 30, 31, 32, 33, 34, 35, 36, 37, 38, 41, 42, 45, 46, 47, 50, 51, 52, 53, 56, 59, 62, 72, 119, 232], "excluded_lines": []}}}, "src\\models\\__init__.py": {"executed_lines": [1], "summary": {"covered_lines": 0, "num_statements": 0, "percent_covered": 100.0, "percent_covered_display": "100", "missing_lines": 0, "excluded_lines": 0, "percent_statements_covered": 100.0, "percent_statements_covered_display": "100"}, "missing_lines": [], "excluded_lines": [], "functions": {"": {"executed_lines": [1], "summary": {"covered_lines": 0, "num_statements": 0, "percent_covered": 100.0, "percent_covered_display": "100", "missing_lines": 0, "excluded_lines": 0, "percent_statements_covered": 100.0, "percent_statements_covered_display": "100"}, "missing_lines": [], "excluded_lines": []}}, "classes": {"": {"executed_lines": [1], "summary": {"covered_lines": 0, "num_statements": 0, "percent_covered": 100.0, "percent_covered_display": "100", "missing_lines": 0, "excluded_lines": 0, "percent_statements_covered": 100.0, "percent_statements_covered_display": "100"}, "missing_lines": [], "excluded_lines": []}}}, "src\\models\\database.py": {"executed_lines": [1, 3, 4, 5, 6, 9, 16, 23, 26], "summary": {"covered_lines": 8, "num_statements": 12, "percent_covered": 66.66666666666667, "percent_covered_display": "67", "missing_lines": 4, "excluded_lines": 0, "percent_statements_covered": 66.66666666666667, "percent_statements_covered_display": "67"}, "missing_lines": [28, 29, 30, 32], "excluded_lines": [], "functions": {"get_db": {"executed_lines": [], "summary": {"covered_lines": 0, "num_statements": 4, "percent_covered": 0.0, "percent_covered_display": "0", "missing_lines": 4, "excluded_lines": 0, "percent_statements_covered": 0.0, "percent_statements_covered_display": "0"}, "missing_lines": [28, 29, 30, 32], "excluded_lines": []}, "": {"executed_lines": [1, 3, 4, 5, 6, 9, 16, 23, 26], "summary": {"covered_lines": 8, "num_statements": 8, "percent_covered": 100.0, "percent_covered_display": "100", "missing_lines": 0, "excluded_lines": 0, "percent_statements_covered": 100.0, "percent_statements_covered_display": "100"}, "missing_lines": [], "excluded_lines": []}}, "classes": {"": {"executed_lines": [1, 3, 4, 5, 6, 9, 16, 23, 26], "summary": {"covered_lines": 8, "num_statements": 12, "percent_covered": 66.66666666666667, "percent_covered_display": "67", "missing_lines": 4, "excluded_lines": 0, "percent_statements_covered": 66.66666666666667, "percent_statements_covered_display": "67"}, "missing_lines": [28, 29, 30, 32], "excluded_lines": []}}}, "src\\models\\db_models.py": {"executed_lines": [1, 3, 4, 5, 6, 8, 11, 12, 13, 16, 19, 20, 21, 22, 25, 26, 27, 28, 29, 30, 31, 32, 33, 34, 35, 36, 37, 38, 39, 40, 41, 42, 43, 44, 47, 50, 51, 54, 55, 56, 59, 60, 61, 62, 65, 66, 67, 68, 69, 70, 73, 74, 77], "summary": {"covered_lines": 51, "num_statements": 51, "percent_covered": 100.0, "percent_covered_display": "100", "missing_lines": 0, "excluded_lines": 0, "percent_statements_covered": 100.0, "percent_statements_covered_display": "100"}, "missing_lines": [], "excluded_lines": [], "functions": {"": {"executed_lines": [1, 3, 4, 5, 6, 8, 11, 12, 13, 16, 19, 20, 21, 22, 25, 26, 27, 28, 29, 30, 31, 32, 33, 34, 35, 36, 37, 38, 39, 40, 41, 42, 43, 44, 47, 50, 51, 54, 55, 56, 59, 60, 61, 62, 65, 66, 67, 68, 69, 70, 73, 74, 77], "summary": {"covered_lines": 51, "num_statements": 51, "percent_covered": 100.0, "percent_covered_display": "100", "missing_lines": 0, "excluded_lines": 0, "percent_statements_covered": 100.0, "percent_statements_covered_display": "100"}, "missing_lines": [], "excluded_lines": []}}, "classes": {"Invoice": {"executed_lines": [], "summary": {"covered_lines": 0, "num_statements": 0, "percent_covered": 100.0, "percent_covered_display": "100", "missing_lines": 0, "excluded_lines": 0, "percent_statements_covered": 100.0, "percent_statements_covered_display": "100"}, "missing_lines": [], "excluded_lines": []}, "": {"executed_lines": [1, 3, 4, 5, 6, 8, 11, 12, 13, 16, 19, 20, 21, 22, 25, 26, 27, 28, 29, 30, 31, 32, 33, 34, 35, 36, 37, 38, 39, 40, 41, 42, 43, 44, 47, 50, 51, 54, 55, 56, 59, 60, 61, 62, 65, 66, 67, 68, 69, 70, 73, 74, 77], "summary": {"covered_lines": 51, "num_statements": 51, "percent_covered": 100.0, "percent_covered_display": "100", "missing_lines": 0, "excluded_lines": 0, "percent_statements_covered": 100.0, "percent_statements_covered_display": "100"}, "missing_lines": [], "excluded_lines": []}}}, "src\\models\\db_utils.py": {"executed_lines": [], "summary": {"covered_lines": 0, "num_statements": 31, "percent_covered": 0.0, "percent_covered_display": "0", "missing_lines": 31, "excluded_lines": 0, "percent_statements_covered": 0.0, "percent_statements_covered_display": "0"}, "missing_lines": [3, 4, 5, 7, 8, 11, 13, 14, 15, 24, 26, 27, 28, 29, 30, 33, 35, 36, 37, 50, 52, 53, 54, 55, 56, 69, 71, 100, 103, 105, 132], "excluded_lines": [], "functions": {"address_to_dict": {"executed_lines": [], "summary": {"covered_lines": 0, "num_statements": 3, "percent_covered": 0.0, "percent_covered_display": "0", "missing_lines": 3, "excluded_lines": 0, "percent_statements_covered": 0.0, "percent_statements_covered_display": "0"}, "missing_lines": [13, 14, 15], "excluded_lines": []}, "dict_to_address": {"executed_lines": [], "summary": {"covered_lines": 0, "num_statements": 5, "percent_covered": 0.0, "percent_covered_display": "0", "missing_lines": 5, "excluded_lines": 0, "percent_statements_covered": 0.0, "percent_statements_covered_display": "0"}, "missing_lines": [26, 27, 28, 29, 30], "excluded_lines": []}, "line_items_to_json": {"executed_lines": [], "summary": {"covered_lines": 0, "num_statements": 3, "percent_covered": 0.0, "percent_covered_display": "0", "missing_lines": 3, "excluded_lines": 0, "percent_statements_covered": 0.0, "percent_statements_covered_display": "0"}, "missing_lines": [35, 36, 37], "excluded_lines": []}, "json_to_line_items": {"executed_lines": [], "summary": {"covered_lines": 0, "num_statements": 5, "percent_covered": 0.0, "percent_covered_display": "0", "missing_lines": 5, "excluded_lines": 0, "percent_statements_covered": 0.0, "percent_statements_covered_display": "0"}, "missing_lines": [52, 53, 54, 55, 56], "excluded_lines": []}, "pydantic_to_db_invoice": {"executed_lines": [], "summary": {"covered_lines": 0, "num_statements": 2, "percent_covered": 0.0, "percent_covered_display": "0", "missing_lines": 2, "excluded_lines": 0, "percent_statements_covered": 0.0, "percent_statements_covered_display": "0"}, "missing_lines": [71, 100], "excluded_lines": []}, "db_to_pydantic_invoice": {"executed_lines": [], "summary": {"covered_lines": 0, "num_statements": 2, "percent_covered": 0.0, "percent_covered_display": "0", "missing_lines": 2, "excluded_lines": 0, "percent_statements_covered": 0.0, "percent_statements_covered_display": "0"}, "missing_lines": [105, 132], "excluded_lines": []}, "": {"executed_lines": [], "summary": {"covered_lines": 0, "num_statements": 11, "percent_covered": 0.0, "percent_covered_display": "0", "missing_lines": 11, "excluded_lines": 0, "percent_statements_covered": 0.0, "percent_statements_covered_display": "0"}, "missing_lines": [3, 4, 5, 7, 8, 11, 24, 33, 50, 69, 103], "excluded_lines": []}}, "classes": {"": {"executed_lines": [], "summary": {"covered_lines": 0, "num_statements": 31, "percent_covered": 0.0, "percent_covered_display": "0", "missing_lines": 31, "excluded_lines": 0, "percent_statements_covered": 0.0, "percent_statements_covered_display": "0"}, "missing_lines": [3, 4, 5, 7, 8, 11, 13, 14, 15, 24, 26, 27, 28, 29, 30, 33, 35, 36, 37, 50, 52, 53, 54, 55, 56, 69, 71, 100, 103, 105, 132], "excluded_lines": []}}}, "src\\models\\invoice.py": {"executed_lines": [1, 3, 4, 5, 6, 7, 10, 11, 12, 13, 14, 17, 18, 19, 20, 21, 22, 23, 26, 27, 28, 29, 30, 31, 32, 33, 35, 36, 37, 38, 39, 40, 41, 44, 45, 46, 47, 48, 49, 50, 51, 54, 55, 56, 57, 58, 59, 60, 63, 64, 65, 66, 67, 68, 71, 72, 73, 74, 75, 76, 77, 78, 79, 80, 81, 82, 83, 84, 87, 88, 89, 90, 91, 94, 95, 96, 97, 98, 99, 100, 103, 104, 105, 106, 107, 108, 109, 110, 111, 112, 113, 114, 115, 116, 117, 118, 119, 120, 121, 122, 125, 126, 129, 130, 131, 134, 135, 136, 137, 140, 141, 142, 143, 144, 145, 147, 148], "summary": {"covered_lines": 107, "num_statements": 107, "percent_covered": 100.0, "percent_covered_display": "100", "missing_lines": 0, "excluded_lines": 0, "percent_statements_covered": 100.0, "percent_statements_covered_display": "100"}, "missing_lines": [], "excluded_lines": [], "functions": {"": {"executed_lines": [1, 3, 4, 5, 6, 7, 10, 11, 12, 13, 14, 17, 18, 19, 20, 21, 22, 23, 26, 27, 28, 29, 30, 31, 32, 33, 35, 36, 37, 38, 39, 40, 41, 44, 45, 46, 47, 48, 49, 50, 51, 54, 55, 56, 57, 58, 59, 60, 63, 64, 65, 66, 67, 68, 71, 72, 73, 74, 75, 76, 77, 78, 79, 80, 81, 82, 83, 84, 87, 88, 89, 90, 91, 94, 95, 96, 97, 98, 99, 100, 103, 104, 105, 106, 107, 108, 109, 110, 111, 112, 113, 114, 115, 116, 117, 118, 119, 120, 121, 122, 125, 126, 129, 130, 131, 134, 135, 136, 137, 140, 141, 142, 143, 144, 145, 147, 148], "summary": {"covered_lines": 107, "num_statements": 107, "percent_covered": 100.0, "percent_covered_display": "100", "missing_lines": 0, "excluded_lines": 0, "percent_statements_covered": 100.0, "percent_statements_covered_display": "100"}, "missing_lines": [], "excluded_lines": []}}, "classes": {"InvoiceSubtype": {"executed_lines": [], "summary": {"covered_lines": 0, "num_statements": 0, "percent_covered": 100.0, "percent_covered_display": "100", "missing_lines": 0, "excluded_lines": 0, "percent_statements_covered": 100.0, "percent_statements_covered_display": "100"}, "missing_lines": [], "excluded_lines": []}, "Address": {"executed_lines": [], "summary": {"covered_lines": 0, "num_statements": 0, "percent_covered": 100.0, "percent_covered_display": "100", "missing_lines": 0, "excluded_lines": 0, "percent_statements_covered": 100.0, "percent_statements_covered_display": "100"}, "missing_lines": [], "excluded_lines": []}, "LineItem": {"executed_lines": [], "summary": {"covered_lines": 0, "num_statements": 0, "percent_covered": 100.0, "percent_covered_display": "100", "missing_lines": 0, "excluded_lines": 0, "percent_statements_covered": 100.0, "percent_statements_covered_display": "100"}, "missing_lines": [], "excluded_lines": []}, "ShiftServiceExtension": {"executed_lines": [], "summary": {"covered_lines": 0, "num_statements": 0, "percent_covered": 100.0, "percent_covered_display": "100", "missing_lines": 0, "excluded_lines": 0, "percent_statements_covered": 100.0, "percent_statements_covered_display": "100"}, "missing_lines": [], "excluded_lines": []}, "TimesheetShift": {"executed_lines": [], "summary": {"covered_lines": 0, "num_statements": 0, "percent_covered": 100.0, "percent_covered_display": "100", "missing_lines": 0, "excluded_lines": 0, "percent_statements_covered": 100.0, "percent_statements_covered_display": "100"}, "missing_lines": [], "excluded_lines": []}, "TimesheetData": {"executed_lines": [], "summary": {"covered_lines": 0, "num_statements": 0, "percent_covered": 100.0, "percent_covered_display": "100", "missing_lines": 0, "excluded_lines": 0, "percent_statements_covered": 100.0, "percent_statements_covered_display": "100"}, "missing_lines": [], "excluded_lines": []}, "PerDiemTravelExtension": {"executed_lines": [], "summary": {"covered_lines": 0, "num_statements": 0, "percent_covered": 100.0, "percent_covered_display": "100", "missing_lines": 0, "excluded_lines": 0, "percent_statements_covered": 100.0, "percent_statements_covered_display": "100"}, "missing_lines": [], "excluded_lines": []}, "InvoiceExtensions": {"executed_lines": [], "summary": {"covered_lines": 0, "num_statements": 0, "percent_covered": 100.0, "percent_covered_display": "100", "missing_lines": 0, "excluded_lines": 0, "percent_statements_covered": 100.0, "percent_statements_covered_display": "100"}, "missing_lines": [], "excluded_lines": []}, "Invoice": {"executed_lines": [], "summary": {"covered_lines": 0, "num_statements": 0, "percent_covered": 100.0, "percent_covered_display": "100", "missing_lines": 0, "excluded_lines": 0, "percent_statements_covered": 100.0, "percent_statements_covered_display": "100"}, "missing_lines": [], "excluded_lines": []}, "Invoice.Config": {"executed_lines": [], "summary": {"covered_lines": 0, "num_statements": 0, "percent_covered": 100.0, "percent_covered_display": "100", "missing_lines": 0, "excluded_lines": 0, "percent_statements_covered": 100.0, "percent_statements_covered_display": "100"}, "missing_lines": [], "excluded_lines": []}, "": {"executed_lines": [1, 3, 4, 5, 6, 7, 10, 11, 12, 13, 14, 17, 18, 19, 20, 21, 22, 23, 26, 27, 28, 29, 30, 31, 32, 33, 35, 36, 37, 38, 39, 40, 41, 44, 45, 46, 47, 48, 49, 50, 51, 54, 55, 56, 57, 58, 59, 60, 63, 64, 65, 66, 67, 68, 71, 72, 73, 74, 75, 76, 77, 78, 79, 80, 81, 82, 83, 84, 87, 88, 89, 90, 91, 94, 95, 96, 97, 98, 99, 100, 103, 104, 105, 106, 107, 108, 109, 110, 111, 112, 113, 114, 115, 116, 117, 118, 119, 120, 121, 122, 125, 126, 129, 130, 131, 134, 135, 136, 137, 140, 141, 142, 143, 144, 145, 147, 148], "summary": {"covered_lines": 107, "num_statements": 107, "percent_covered": 100.0, "percent_covered_display": "100", "missing_lines": 0, "excluded_lines": 0, "percent_statements_covered": 100.0, "percent_statements_covered_display": "100"}, "missing_lines": [], "excluded_lines": []}}}, "src\\models\\invoice_subtypes.py": {"executed_lines": [1, 3, 4, 5, 6, 7, 10, 11, 12, 13, 14, 17, 18, 19, 20, 21, 22, 23, 24, 27, 28, 29, 30, 31, 32, 33, 36, 37, 38, 39, 40, 41, 44, 45, 46, 47, 48, 49, 50, 51, 52, 53, 54, 55, 56, 57, 60, 61, 62, 63, 64, 67], "summary": {"covered_lines": 45, "num_statements": 55, "percent_covered": 81.81818181818181, "percent_covered_display": "82", "missing_lines": 10, "excluded_lines": 0, "percent_statements_covered": 81.81818181818181, "percent_statements_covered_display": "82"}, "missing_lines": [81, 83, 84, 85, 86, 87, 88, 91, 92, 94], "excluded_lines": [], "functions": {"create_extension_from_data": {"executed_lines": [], "summary": {"covered_lines": 0, "num_statements": 10, "percent_covered": 0.0, "percent_covered_display": "0", "missing_lines": 10, "excluded_lines": 0, "percent_statements_covered": 0.0, "percent_statements_covered_display": "0"}, "missing_lines": [81, 83, 84, 85, 86, 87, 88, 91, 92, 94], "excluded_lines": []}, "": {"executed_lines": [1, 3, 4, 5, 6, 7, 10, 11, 12, 13, 14, 17, 18, 19, 20, 21, 22, 23, 24, 27, 28, 29, 30, 31, 32, 33, 36, 37, 38, 39, 40, 41, 44, 45, 46, 47, 48, 49, 50, 51, 52, 53, 54, 55, 56, 57, 60, 61, 62, 63, 64, 67], "summary": {"covered_lines": 45, "num_statements": 45, "percent_covered": 100.0, "percent_covered_display": "100", "missing_lines": 0, "excluded_lines": 0, "percent_statements_covered": 100.0, "percent_statements_covered_display": "100"}, "missing_lines": [], "excluded_lines": []}}, "classes": {"InvoiceSubtype": {"executed_lines": [], "summary": {"covered_lines": 0, "num_statements": 0, "percent_covered": 100.0, "percent_covered_display": "100", "missing_lines": 0, "excluded_lines": 0, "percent_statements_covered": 100.0, "percent_statements_covered_display": "100"}, "missing_lines": [], "excluded_lines": []}, "ShiftServiceExtension": {"executed_lines": [], "summary": {"covered_lines": 0, "num_statements": 0, "percent_covered": 100.0, "percent_covered_display": "100", "missing_lines": 0, "excluded_lines": 0, "percent_statements_covered": 100.0, "percent_statements_covered_display": "100"}, "missing_lines": [], "excluded_lines": []}, "TimesheetShift": {"executed_lines": [], "summary": {"covered_lines": 0, "num_statements": 0, "percent_covered": 100.0, "percent_covered_display": "100", "missing_lines": 0, "excluded_lines": 0, "percent_statements_covered": 100.0, "percent_statements_covered_display": "100"}, "missing_lines": [], "excluded_lines": []}, "TimesheetData": {"executed_lines": [], "summary": {"covered_lines": 0, "num_statements": 0, "percent_covered": 100.0, "percent_covered_display": "100", "missing_lines": 0, "excluded_lines": 0, "percent_statements_covered": 100.0, "percent_statements_covered_display": "100"}, "missing_lines": [], "excluded_lines": []}, "PerDiemTravelExtension": {"executed_lines": [], "summary": {"covered_lines": 0, "num_statements": 0, "percent_covered": 100.0, "percent_covered_display": "100", "missing_lines": 0, "excluded_lines": 0, "percent_statements_covered": 100.0, "percent_statements_covered_display": "100"}, "missing_lines": [], "excluded_lines": []}, "InvoiceExtensions": {"executed_lines": [], "summary": {"covered_lines": 0, "num_statements": 0, "percent_covered": 100.0, "percent_covered_display": "100", "missing_lines": 0, "excluded_lines": 0, "percent_statements_covered": 100.0, "percent_statements_covered_display": "100"}, "missing_lines": [], "excluded_lines": []}, "": {"executed_lines": [1, 3, 4, 5, 6, 7, 10, 11, 12, 13, 14, 17, 18, 19, 20, 21, 22, 23, 24, 27, 28, 29, 30, 31, 32, 33, 36, 37, 38, 39, 40, 41, 44, 45, 46, 47, 48, 49, 50, 51, 52, 53, 54, 55, 56, 57, 60, 61, 62, 63, 64, 67], "summary": {"covered_lines": 45, "num_statements": 55, "percent_covered": 81.81818181818181, "percent_covered_display": "82", "missing_lines": 10, "excluded_lines": 0, "percent_statements_covered": 81.81818181818181, "percent_statements_covered_display": "82"}, "missing_lines": [81, 83, 84, 85, 86, 87, 88, 91, 92, 94], "excluded_lines": []}}}, "src\\services\\__init__.py": {"executed_lines": [], "summary": {"covered_lines": 0, "num_statements": 0, "percent_covered": 100.0, "percent_covered_display": "100", "missing_lines": 0, "excluded_lines": 0, "percent_statements_covered": 100.0, "percent_statements_covered_display": "100"}, "missing_lines": [], "excluded_lines": [], "functions": {"": {"executed_lines": [], "summary": {"covered_lines": 0, "num_statements": 0, "percent_covered": 100.0, "percent_covered_display": "100", "missing_lines": 0, "excluded_lines": 0, "percent_statements_covered": 100.0, "percent_statements_covered_display": "100"}, "missing_lines": [], "excluded_lines": []}}, "classes": {"": {"executed_lines": [], "summary": {"covered_lines": 0, "num_statements": 0, "percent_covered": 100.0, "percent_covered_display": "100", "missing_lines": 0, "excluded_lines": 0, "percent_statements_covered": 100.0, "percent_statements_covered_display": "100"}, "missing_lines": [], "excluded_lines": []}}}, "src\\services\\db_service.py": {"executed_lines": [], "summary": {"covered_lines": 0, "num_statements": 103, "percent_covered": 0.0, "percent_covered_display": "0", "missing_lines": 103, "excluded_lines": 0, "percent_statements_covered": 0.0, "percent_statements_covered_display": "0"}, "missing_lines": [3, 4, 5, 6, 7, 9, 10, 11, 12, 14, 17, 20, 21, 35, 36, 37, 39, 40, 42, 44, 47, 49, 51, 52, 55, 56, 57, 59, 60, 63, 64, 65, 67, 68, 70, 71, 73, 74, 75, 76, 78, 79, 81, 82, 96, 97, 98, 100, 101, 103, 104, 107, 109, 110, 111, 113, 114, 115, 117, 118, 120, 121, 139, 140, 141, 143, 144, 146, 147, 149, 150, 152, 153, 155, 156, 158, 160, 161, 162, 164, 165, 167, 168, 184, 185, 186, 188, 189, 191, 192, 195, 197, 198, 200, 201, 203, 204, 206, 207, 208, 209, 211, 212], "excluded_lines": [], "functions": {"DatabaseService.save_invoice": {"executed_lines": [], "summary": {"covered_lines": 0, "num_statements": 29, "percent_covered": 0.0, "percent_covered_display": "0", "missing_lines": 29, "excluded_lines": 0, "percent_statements_covered": 0.0, "percent_statements_covered_display": "0"}, "missing_lines": [35, 36, 37, 39, 40, 42, 44, 47, 49, 51, 52, 55, 56, 57, 59, 60, 63, 64, 65, 67, 68, 70, 71, 73, 74, 75, 76, 78, 79], "excluded_lines": []}, "DatabaseService.get_invoice": {"executed_lines": [], "summary": {"covered_lines": 0, "num_statements": 16, "percent_covered": 0.0, "percent_covered_display": "0", "missing_lines": 16, "excluded_lines": 0, "percent_statements_covered": 0.0, "percent_statements_covered_display": "0"}, "missing_lines": [96, 97, 98, 100, 101, 103, 104, 107, 109, 110, 111, 113, 114, 115, 117, 118], "excluded_lines": []}, "DatabaseService.list_invoices": {"executed_lines": [], "summary": {"covered_lines": 0, "num_statements": 19, "percent_covered": 0.0, "percent_covered_display": "0", "missing_lines": 19, "excluded_lines": 0, "percent_statements_covered": 0.0, "percent_statements_covered_display": "0"}, "missing_lines": [139, 140, 141, 143, 144, 146, 147, 149, 150, 152, 153, 155, 156, 158, 160, 161, 162, 164, 165], "excluded_lines": []}, "DatabaseService.update_invoice_status": {"executed_lines": [], "summary": {"covered_lines": 0, "num_statements": 20, "percent_covered": 0.0, "percent_covered_display": "0", "missing_lines": 20, "excluded_lines": 0, "percent_statements_covered": 0.0, "percent_statements_covered_display": "0"}, "missing_lines": [184, 185, 186, 188, 189, 191, 192, 195, 197, 198, 200, 201, 203, 204, 206, 207, 208, 209, 211, 212], "excluded_lines": []}, "": {"executed_lines": [], "summary": {"covered_lines": 0, "num_statements": 19, "percent_covered": 0.0, "percent_covered_display": "0", "missing_lines": 19, "excluded_lines": 0, "percent_statements_covered": 0.0, "percent_statements_covered_display": "0"}, "missing_lines": [3, 4, 5, 6, 7, 9, 10, 11, 12, 14, 17, 20, 21, 81, 82, 120, 121, 167, 168], "excluded_lines": []}}, "classes": {"DatabaseService": {"executed_lines": [], "summary": {"covered_lines": 0, "num_statements": 84, "percent_covered": 0.0, "percent_covered_display": "0", "missing_lines": 84, "excluded_lines": 0, "percent_statements_covered": 0.0, "percent_statements_covered_display": "0"}, "missing_lines": [35, 36, 37, 39, 40, 42, 44, 47, 49, 51, 52, 55, 56, 57, 59, 60, 63, 64, 65, 67, 68, 70, 71, 73, 74, 75, 76, 78, 79, 96, 97, 98, 100, 101, 103, 104, 107, 109, 110, 111, 113, 114, 115, 117, 118, 139, 140, 141, 143, 144, 146, 147, 149, 150, 152, 153, 155, 156, 158, 160, 161, 162, 164, 165, 184, 185, 186, 188, 189, 191, 192, 195, 197, 198, 200, 201, 203, 204, 206, 207, 208, 209, 211, 212], "excluded_lines": []}, "": {"executed_lines": [], "summary": {"covered_lines": 0, "num_statements": 19, "percent_covered": 0.0, "percent_covered_display": "0", "missing_lines": 19, "excluded_lines": 0, "percent_statements_covered": 0.0, "percent_statements_covered_display": "0"}, "missing_lines": [3, 4, 5, 6, 7, 9, 10, 11, 12, 14, 17, 20, 21, 81, 82, 120, 121, 167, 168], "excluded_lines": []}}}}, "totals": {"covered_lines": 284, "num_statements": 1628, "percent_covered": 17.444717444717444, "percent_covered_display": "17", "missing_lines": 1344, "excluded_lines": 0, "percent_statements_covered": 17.444717444717444, "percent_statements_covered_display": "17"}}