{"meta": {"format": 3, "version": "7.13.0", "timestamp": "2025-12-18T14:52:34.786797", "branch_coverage": false, "show_contexts": false}, "files": {"src\\__init__.py": {"executed_lines": [1], "summary": {"covered_lines": 0, "num_statements": 0, "percent_covered": 100.0, "percent_covered_display": "100", "missing_lines": 0, "excluded_lines": 0, "percent_statements_covered": 100.0, "percent_statements_covered_display": "100"}, "missing_lines": [], "excluded_lines": [], "functions": {"": {"executed_lines": [1], "summary": {"covered_lines": 0, "num_statements": 0, "percent_covered": 100.0, "percent_covered_display": "100", "missing_lines": 0, "excluded_lines": 0, "percent_statements_covered": 100.0, "percent_statements_covered_display": "100"}, "missing_lines": [], "excluded_lines": []}}, "classes": {"": {"executed_lines": [1], "summary": {"covered_lines": 0, "num_statements": 0, "percent_covered": 100.0, "percent_covered_display": "100", "missing_lines": 0, "excluded_lines": 0, "percent_statements_covered": 100.0, "percent_statements_covered_display": "100"}, "missing_lines": [], "excluded_lines": []}}}, "src\\config.py": {"executed_lines": [1, 3, 4, 5, 8, 9, 12, 13, 14, 15, 18, 19, 22, 23, 24, 27, 28, 29, 30, 32, 35, 38, 39, 40, 41, 42, 45, 46, 47, 50, 53, 54, 56, 57, 58, 59, 63], "summary": {"covered_lines": 35, "num_statements": 35, "percent_covered": 100.0, "percent_covered_display": "100", "missing_lines": 0, "excluded_lines": 0, "percent_statements_covered": 100.0, "percent_statements_covered_display": "100"}, "missing_lines": [], "excluded_lines": [], "functions": {"": {"executed_lines": [1, 3, 4, 5, 8, 9, 12, 13, 14, 15, 18, 19, 22, 23, 24, 27, 28, 29, 30, 32, 35, 38, 39, 40, 41, 42, 45, 46, 47, 50, 53, 54, 56, 57, 58, 59, 63], "summary": {"covered_lines": 35, "num_statements": 35, "percent_covered": 100.0, "percent_covered_display": "100", "missing_lines": 0, "excluded_lines": 0, "percent_statements_covered": 100.0, "percent_statements_covered_display": "100"}, "missing_lines": [], "excluded_lines": []}}, "classes": {"Settings": {"executed_lines": [], "summary": {"covered_lines": 0, "num_statements": 0, "percent_covered": 100.0, "percent_covered_display": "100", "missing_lines": 0, "excluded_lines": 0, "percent_statements_covered": 100.0, "percent_statements_covered_display": "100"}, "missing_lines": [], "excluded_lines": []}, "Settings.Config": {"executed_lines": [], "summary": {"covered_lines": 0, "num_statements": 0, "percent_covered": 100.0, "percent_covered_display": "100", "missing_lines": 0, "excluded_lines": 0, "percent_statements_covered": 100.0, "percent_statements_covered_display": "100"}, "missing_lines": [], "excluded_lines": []}, "": {"executed_lines": [1, 3, 4, 5, 8, 9, 12, 13, 14, 15, 18, 19, 22, 23, 24, 27, 28, 29, 30, 32, 35, 38, 39, 40, 41, 42, 45, 46, 47, 50, 53, 54, 56, 57, 58, 59, 63], "summary": {"covered_lines": 35, "num_statements": 35, "percent_covered": 100.0, "percent_covered_display": "100", "missing_lines": 0, "excluded_lines": 0, "percent_statements_covered": 100.0, "percent_statements_covered_display": "100"}, "missing_lines": [], "excluded_lines": []}}}, "src\\extraction\\__init__.py": {"executed_lines": [], "summary": {"covered_lines": 0, "num_statements": 0, "percent_covered": 100.0, "percent_covered_display": "100", "missing_lines": 0, "excluded_lines": 0, "percent_statements_covered": 100.0, "percent_statements_covered_display": "100"}, "missing_lines": [], "excluded_lines": [], "functions": {"": {"executed_lines": [], "summary": {"covered_lines": 0, "num_statements": 0, "percent_covered": 100.0, "percent_covered_display": "100", "missing_lines": 0, "excluded_lines": 0, "percent_statements_covered": 100.0, "percent_statements_covered_display": "100"}, "missing_lines": [], "excluded_lines": []}}, "classes": {"": {"executed_lines": [], "summary": {"covered_lines": 0, "num_statements": 0, "percent_covered": 100.0, "percent_covered_display": "100", "missing_lines": 0, "excluded_lines": 0, "percent_statements_covered": 100.0, "percent_statements_covered_display": "100"}, "missing_lines": [], "excluded_lines": []}}}, "src\\extraction\\document_intelligence_client.py": {"executed_lines": [], "summary": {"covered_lines": 0, "num_statements": 81, "percent_covered": 0.0, "percent_covered_display": "0", "missing_lines": 81, "excluded_lines": 0, "percent_statements_covered": 0.0, "percent_statements_covered_display": "0"}, "missing_lines": [3, 4, 5, 6, 7, 9, 11, 14, 17, 29, 30, 32, 33, 38, 39, 44, 45, 50, 52, 56, 66, 68, 72, 75, 77, 78, 79, 80, 81, 82, 83, 84, 85, 87, 88, 90, 91, 92, 93, 94, 95, 97, 99, 100, 106, 107, 110, 138, 140, 142, 143, 144, 145, 147, 149, 150, 151, 153, 154, 155, 164, 166, 168, 170, 171, 173, 174, 175, 176, 188, 190, 192, 193, 194, 195, 197, 199, 200, 201, 202, 203], "excluded_lines": [], "functions": {"DocumentIntelligenceClient.__init__": {"executed_lines": [], "summary": {"covered_lines": 0, "num_statements": 10, "percent_covered": 0.0, "percent_covered_display": "0", "missing_lines": 10, "excluded_lines": 0, "percent_statements_covered": 0.0, "percent_statements_covered_display": "0"}, "missing_lines": [29, 30, 32, 33, 38, 39, 44, 45, 50, 52], "excluded_lines": []}, "DocumentIntelligenceClient.analyze_invoice": {"executed_lines": [], "summary": {"covered_lines": 0, "num_statements": 21, "percent_covered": 0.0, "percent_covered_display": "0", "missing_lines": 21, "excluded_lines": 0, "percent_statements_covered": 0.0, "percent_statements_covered_display": "0"}, "missing_lines": [66, 68, 72, 75, 77, 78, 79, 80, 81, 82, 83, 84, 85, 87, 88, 90, 91, 92, 93, 94, 95], "excluded_lines": []}, "DocumentIntelligenceClient._extract_invoice_fields": {"executed_lines": [], "summary": {"covered_lines": 0, "num_statements": 6, "percent_covered": 0.0, "percent_covered_display": "0", "missing_lines": 6, "excluded_lines": 0, "percent_statements_covered": 0.0, "percent_statements_covered_display": "0"}, "missing_lines": [99, 100, 106, 107, 110, 138], "excluded_lines": []}, "DocumentIntelligenceClient._get_field_value": {"executed_lines": [], "summary": {"covered_lines": 0, "num_statements": 4, "percent_covered": 0.0, "percent_covered_display": "0", "missing_lines": 4, "excluded_lines": 0, "percent_statements_covered": 0.0, "percent_statements_covered_display": "0"}, "missing_lines": [142, 143, 144, 145], "excluded_lines": []}, "DocumentIntelligenceClient._get_address": {"executed_lines": [], "summary": {"covered_lines": 0, "num_statements": 7, "percent_covered": 0.0, "percent_covered_display": "0", "missing_lines": 7, "excluded_lines": 0, "percent_statements_covered": 0.0, "percent_statements_covered_display": "0"}, "missing_lines": [149, 150, 151, 153, 154, 155, 164], "excluded_lines": []}, "DocumentIntelligenceClient._extract_items": {"executed_lines": [], "summary": {"covered_lines": 0, "num_statements": 8, "percent_covered": 0.0, "percent_covered_display": "0", "missing_lines": 8, "excluded_lines": 0, "percent_statements_covered": 0.0, "percent_statements_covered_display": "0"}, "missing_lines": [168, 170, 171, 173, 174, 175, 176, 188], "excluded_lines": []}, "DocumentIntelligenceClient._get_nested_value": {"executed_lines": [], "summary": {"covered_lines": 0, "num_statements": 4, "percent_covered": 0.0, "percent_covered_display": "0", "missing_lines": 4, "excluded_lines": 0, "percent_statements_covered": 0.0, "percent_statements_covered_display": "0"}, "missing_lines": [192, 193, 194, 195], "excluded_lines": []}, "DocumentIntelligenceClient._extract_field_confidences": {"executed_lines": [], "summary": {"covered_lines": 0, "num_statements": 5, "percent_covered": 0.0, "percent_covered_display": "0", "missing_lines": 5, "excluded_lines": 0, "percent_statements_covered": 0.0, "percent_statements_covered_display": "0"}, "missing_lines": [199, 200, 201, 202, 203], "excluded_lines": []}, "": {"executed_lines": [], "summary": {"covered_lines": 0, "num_statements": 16, "percent_covered": 0.0, "percent_covered_display": "0", "missing_lines": 16, "excluded_lines": 0, "percent_statements_covered": 0.0, "percent_statements_covered_display": "0"}, "missing_lines": [3, 4, 5, 6, 7, 9, 11, 14, 17, 56, 97, 140, 147, 166, 190, 197], "excluded_lines": []}}, "classes": {"DocumentIntelligenceClient": {"executed_lines": [], "summary": {"covered_lines": 0, "num_statements": 65, "percent_covered": 0.0, "percent_covered_display": "0", "missing_lines": 65, "excluded_lines": 0, "percent_statements_covered": 0.0, "percent_statements_covered_display": "0"}, "missing_lines": [29, 30, 32, 33, 38, 39, 44, 45, 50, 52, 66, 68, 72, 75, 77, 78, 79, 80, 81, 82, 83, 84, 85, 87, 88, 90, 91, 92, 93, 94, 95, 99, 100, 106, 107, 110, 138, 142, 143, 144, 145, 149, 150, 151, 153, 154, 155, 164, 168, 170, 171, 173, 174, 175, 176, 188, 192, 193, 194, 195, 199, 200, 201, 202, 203], "excluded_lines": []}, "": {"executed_lines": [], "summary": {"covered_lines": 0, "num_statements": 16, "percent_covered": 0.0, "percent_covered_display": "0", "missing_lines": 16, "excluded_lines": 0, "percent_statements_covered": 0.0, "percent_statements_covered_display": "0"}, "missing_lines": [3, 4, 5, 6, 7, 9, 11, 14, 17, 56, 97, 140, 147, 166, 190, 197], "excluded_lines": []}}}, "src\\extraction\\extraction_service.py": {"executed_lines": [], "summary": {"covered_lines": 0, "num_statements": 307, "percent_covered": 0.0, "percent_covered_display": "0", "missing_lines": 307, "excluded_lines": 0, "percent_statements_covered": 0.0, "percent_statements_covered_display": "0"}, "missing_lines": [3, 4, 5, 6, 7, 8, 9, 10, 12, 13, 15, 16, 17, 18, 19, 20, 21, 22, 23, 24, 25, 27, 29, 54, 57, 71, 74, 75, 77, 79, 100, 102, 103, 105, 106, 107, 114, 115, 117, 118, 119, 126, 127, 132, 133, 136, 143, 146, 147, 149, 156, 157, 160, 161, 162, 163, 164, 167, 168, 171, 172, 173, 175, 184, 185, 186, 187, 188, 190, 191, 192, 193, 194, 197, 198, 200, 201, 202, 204, 205, 206, 213, 214, 215, 218, 219, 220, 221, 222, 223, 225, 226, 228, 240, 241, 243, 244, 245, 246, 247, 253, 261, 263, 264, 265, 267, 268, 269, 271, 272, 273, 275, 276, 277, 279, 281, 282, 299, 303, 304, 305, 306, 308, 309, 310, 311, 313, 314, 315, 317, 318, 319, 320, 322, 329, 330, 331, 337, 338, 339, 347, 348, 349, 350, 351, 352, 353, 355, 356, 357, 359, 360, 362, 363, 364, 365, 366, 368, 369, 370, 371, 373, 374, 376, 377, 379, 388, 389, 392, 395, 397, 402, 403, 404, 407, 408, 410, 412, 413, 414, 415, 416, 417, 418, 419, 420, 421, 422, 423, 424, 425, 426, 427, 429, 433, 434, 435, 436, 438, 439, 441, 442, 443, 445, 447, 448, 449, 450, 451, 452, 453, 454, 455, 456, 459, 460, 461, 462, 463, 464, 472, 474, 475, 476, 477, 479, 481, 483, 485, 486, 487, 488, 489, 491, 492, 497, 500, 501, 502, 505, 506, 508, 510, 552, 554, 556, 561, 562, 565, 566, 567, 568, 569, 572, 573, 574, 575, 576, 577, 578, 579, 582, 583, 584, 585, 586, 587, 588, 589, 590, 593, 594, 595, 596, 597, 598, 599, 600, 602, 604, 611, 612, 615, 616, 619, 620, 623, 624, 627, 628, 629, 631, 632, 634, 636, 637, 639, 640, 643, 644, 650, 651, 652, 653, 654, 655, 658], "excluded_lines": [], "functions": {"ExtractionService.__init__": {"executed_lines": [], "summary": {"covered_lines": 0, "num_statements": 4, "percent_covered": 0.0, "percent_covered_display": "0", "missing_lines": 4, "excluded_lines": 0, "percent_statements_covered": 0.0, "percent_statements_covered_display": "0"}, "missing_lines": [71, 74, 75, 77], "excluded_lines": []}, "ExtractionService.extract_invoice": {"executed_lines": [], "summary": {"covered_lines": 0, "num_statements": 70, "percent_covered": 0.0, "percent_covered_display": "0", "missing_lines": 70, "excluded_lines": 0, "percent_statements_covered": 0.0, "percent_statements_covered_display": "0"}, "missing_lines": [100, 102, 103, 105, 106, 107, 114, 115, 117, 118, 119, 126, 127, 132, 133, 136, 143, 146, 147, 149, 156, 157, 160, 161, 162, 163, 164, 167, 168, 171, 172, 173, 175, 184, 185, 186, 187, 188, 190, 191, 192, 193, 194, 197, 198, 200, 201, 202, 204, 205, 206, 213, 214, 215, 218, 219, 220, 221, 222, 223, 225, 226, 228, 240, 241, 243, 244, 245, 246, 247], "excluded_lines": []}, "ExtractionService._run_low_confidence_fallback": {"executed_lines": [], "summary": {"covered_lines": 0, "num_statements": 64, "percent_covered": 0.0, "percent_covered_display": "0", "missing_lines": 64, "excluded_lines": 0, "percent_statements_covered": 0.0, "percent_statements_covered_display": "0"}, "missing_lines": [261, 263, 264, 265, 267, 268, 269, 271, 272, 273, 275, 276, 277, 279, 281, 282, 299, 303, 304, 305, 306, 308, 309, 310, 311, 313, 314, 315, 317, 318, 319, 320, 322, 329, 330, 331, 337, 338, 339, 347, 348, 349, 350, 351, 352, 353, 355, 356, 357, 359, 360, 362, 363, 364, 365, 366, 368, 369, 370, 371, 373, 374, 376, 377], "excluded_lines": []}, "ExtractionService._build_llm_prompt": {"executed_lines": [], "summary": {"covered_lines": 0, "num_statements": 10, "percent_covered": 0.0, "percent_covered_display": "0", "missing_lines": 10, "excluded_lines": 0, "percent_statements_covered": 0.0, "percent_statements_covered_display": "0"}, "missing_lines": [388, 389, 392, 395, 397, 402, 403, 404, 407, 408], "excluded_lines": []}, "ExtractionService._build_content_snippet": {"executed_lines": [], "summary": {"covered_lines": 0, "num_statements": 16, "percent_covered": 0.0, "percent_covered_display": "0", "missing_lines": 16, "excluded_lines": 0, "percent_statements_covered": 0.0, "percent_statements_covered_display": "0"}, "missing_lines": [412, 413, 414, 415, 416, 417, 418, 419, 420, 421, 422, 423, 424, 425, 426, 427], "excluded_lines": []}, "ExtractionService._apply_llm_suggestions": {"executed_lines": [], "summary": {"covered_lines": 0, "num_statements": 47, "percent_covered": 0.0, "percent_covered_display": "0", "missing_lines": 47, "excluded_lines": 0, "percent_statements_covered": 0.0, "percent_statements_covered_display": "0"}, "missing_lines": [433, 434, 435, 436, 438, 439, 441, 442, 443, 445, 447, 448, 449, 450, 451, 452, 453, 454, 455, 456, 459, 460, 461, 462, 463, 464, 472, 474, 475, 476, 477, 479, 481, 483, 485, 486, 487, 488, 489, 491, 492, 497, 500, 501, 502, 505, 506], "excluded_lines": []}, "ExtractionService._invoice_to_patch": {"executed_lines": [], "summary": {"covered_lines": 0, "num_statements": 1, "percent_covered": 0.0, "percent_covered_display": "0", "missing_lines": 1, "excluded_lines": 0, "percent_statements_covered": 0.0, "percent_statements_covered_display": "0"}, "missing_lines": [510], "excluded_lines": []}, "ExtractionService._sanitize_for_json": {"executed_lines": [], "summary": {"covered_lines": 0, "num_statements": 1, "percent_covered": 0.0, "percent_covered_display": "0", "missing_lines": 1, "excluded_lines": 0, "percent_statements_covered": 0.0, "percent_statements_covered_display": "0"}, "missing_lines": [554], "excluded_lines": []}, "ExtractionService._coerce_llm_json": {"executed_lines": [], "summary": {"covered_lines": 0, "num_statements": 33, "percent_covered": 0.0, "percent_covered_display": "0", "missing_lines": 33, "excluded_lines": 0, "percent_statements_covered": 0.0, "percent_statements_covered_display": "0"}, "missing_lines": [561, 562, 565, 566, 567, 568, 569, 572, 573, 574, 575, 576, 577, 578, 579, 582, 583, 584, 585, 586, 587, 588, 589, 590, 593, 594, 595, 596, 597, 598, 599, 600, 602], "excluded_lines": []}, "ExtractionService._sanitize_for_json_v2": {"executed_lines": [], "summary": {"covered_lines": 0, "num_statements": 27, "percent_covered": 0.0, "percent_covered_display": "0", "missing_lines": 27, "excluded_lines": 0, "percent_statements_covered": 0.0, "percent_statements_covered_display": "0"}, "missing_lines": [611, 612, 615, 616, 619, 620, 623, 624, 627, 628, 629, 631, 632, 634, 636, 637, 639, 640, 643, 644, 650, 651, 652, 653, 654, 655, 658], "excluded_lines": []}, "": {"executed_lines": [], "summary": {"covered_lines": 0, "num_statements": 34, "percent_covered": 0.0, "percent_covered_display": "0", "missing_lines": 34, "excluded_lines": 0, "percent_statements_covered": 0.0, "percent_statements_covered_display": "0"}, "missing_lines": [3, 4, 5, 6, 7, 8, 9, 10, 12, 13, 15, 16, 17, 18, 19, 20, 21, 22, 23, 24, 25, 27, 29, 54, 57, 79, 253, 379, 410, 429, 508, 552, 556, 604], "excluded_lines": []}}, "classes": {"ExtractionService": {"executed_lines": [], "summary": {"covered_lines": 0, "num_statements": 273, "percent_covered": 0.0, "percent_covered_display": "0", "missing_lines": 273, "excluded_lines": 0, "percent_statements_covered": 0.0, "percent_statements_covered_display": "0"}, "missing_lines": [71, 74, 75, 77, 100, 102, 103, 105, 106, 107, 114, 115, 117, 118, 119, 126, 127, 132, 133, 136, 143, 146, 147, 149, 156, 157, 160, 161, 162, 163, 164, 167, 168, 171, 172, 173, 175, 184, 185, 186, 187, 188, 190, 191, 192, 193, 194, 197, 198, 200, 201, 202, 204, 205, 206, 213, 214, 215, 218, 219, 220, 221, 222, 223, 225, 226, 228, 240, 241, 243, 244, 245, 246, 247, 261, 263, 264, 265, 267, 268, 269, 271, 272, 273, 275, 276, 277, 279, 281, 282, 299, 303, 304, 305, 306, 308, 309, 310, 311, 313, 314, 315, 317, 318, 319, 320, 322, 329, 330, 331, 337, 338, 339, 347, 348, 349, 350, 351, 352, 353, 355, 356, 357, 359, 360, 362, 363, 364, 365, 366, 368, 369, 370, 371, 373, 374, 376, 377, 388, 389, 392, 395, 397, 402, 403, 404, 407, 408, 412, 413, 414, 415, 416, 417, 418, 419, 420, 421, 422, 423, 424, 425, 426, 427, 433, 434, 435, 436, 438, 439, 441, 442, 443, 445, 447, 448, 449, 450, 451, 452, 453, 454, 455, 456, 459, 460, 461, 462, 463, 464, 472, 474, 475, 476, 477, 479, 481, 483, 485, 486, 487, 488, 489, 491, 492, 497, 500, 501, 502, 505, 506, 510, 554, 561, 562, 565, 566, 567, 568, 569, 572, 573, 574, 575, 576, 577, 578, 579, 582, 583, 584, 585, 586, 587, 588, 589, 590, 593, 594, 595, 596, 597, 598, 599, 600, 602, 611, 612, 615, 616, 619, 620, 623, 624, 627, 628, 629, 631, 632, 634, 636, 637, 639, 640, 643, 644, 650, 651, 652, 653, 654, 655, 658], "excluded_lines": []}, "": {"executed_lines": [], "summary": {"covered_lines": 0, "num_statements": 34, "percent_covered": 0.0, "percent_covered_display": "0", "missing_lines": 34, "excluded_lines": 0, "percent_statements_covered": 0.0, "percent_statements_covered_display": "0"}, "missing_lines": [3, 4, 5, 6, 7, 8, 9, 10, 12, 13, 15, 16, 17, 18, 19, 20, 21, 22, 23, 24, 25, 27, 29, 54, 57, 79, 253, 379, 410, 429, 508, 552, 556, 604], "excluded_lines": []}}}, "src\\extraction\\field_extractor.py": {"executed_lines": [], "summary": {"covered_lines": 0, "num_statements": 272, "percent_covered": 0.0, "percent_covered_display": "0", "missing_lines": 272, "excluded_lines": 0, "percent_statements_covered": 0.0, "percent_statements_covered_display": "0"}, "missing_lines": [3, 4, 5, 6, 9, 14, 18, 19, 21, 24, 27, 62, 64, 65, 67, 69, 70, 71, 74, 75, 76, 79, 80, 81, 82, 85, 94, 95, 98, 99, 100, 102, 104, 125, 128, 136, 139, 140, 143, 146, 147, 148, 151, 156, 159, 162, 163, 164, 167, 170, 173, 176, 177, 178, 181, 184, 187, 190, 191, 194, 197, 202, 205, 208, 213, 218, 221, 222, 225, 230, 231, 233, 234, 235, 236, 237, 238, 239, 240, 241, 244, 247, 250, 251, 252, 253, 259, 265, 266, 267, 268, 269, 272, 273, 276, 280, 282, 284, 285, 287, 288, 290, 292, 294, 295, 297, 298, 300, 301, 303, 304, 306, 307, 308, 309, 311, 312, 313, 314, 316, 318, 320, 321, 324, 325, 326, 327, 328, 329, 331, 332, 334, 335, 337, 339, 340, 341, 342, 343, 344, 345, 346, 348, 349, 350, 352, 354, 356, 357, 360, 362, 364, 371, 372, 374, 382, 386, 387, 388, 389, 390, 391, 392, 393, 394, 397, 399, 405, 406, 408, 409, 410, 413, 414, 415, 416, 417, 418, 419, 422, 423, 424, 425, 426, 429, 430, 431, 432, 433, 434, 435, 436, 437, 440, 441, 443, 444, 445, 446, 447, 448, 449, 450, 452, 472, 475, 476, 477, 479, 481, 483, 485, 486, 488, 489, 491, 493, 507, 508, 510, 511, 514, 516, 518, 519, 522, 531, 532, 537, 538, 539, 542, 543, 546, 547, 549, 551, 563, 564, 567, 570, 571, 572, 573, 577, 586, 589, 590, 591, 592, 595, 596, 598, 600, 605, 606, 607, 609, 628, 636, 645, 646, 647, 648, 649, 650, 651, 652, 653, 654, 656, 657], "excluded_lines": [], "functions": {"FieldExtractor.__init__": {"executed_lines": [], "summary": {"covered_lines": 0, "num_statements": 2, "percent_covered": 0.0, "percent_covered_display": "0", "missing_lines": 2, "excluded_lines": 0, "percent_statements_covered": 0.0, "percent_statements_covered_display": "0"}, "missing_lines": [64, 65], "excluded_lines": []}, "FieldExtractor.normalize_di_data": {"executed_lines": [], "summary": {"covered_lines": 0, "num_statements": 17, "percent_covered": 0.0, "percent_covered_display": "0", "missing_lines": 17, "excluded_lines": 0, "percent_statements_covered": 0.0, "percent_statements_covered_display": "0"}, "missing_lines": [69, 70, 71, 74, 75, 76, 79, 80, 81, 82, 85, 94, 95, 98, 99, 100, 102], "excluded_lines": []}, "FieldExtractor.extract_invoice": {"executed_lines": [], "summary": {"covered_lines": 0, "num_statements": 63, "percent_covered": 0.0, "percent_covered_display": "0", "missing_lines": 63, "excluded_lines": 0, "percent_statements_covered": 0.0, "percent_statements_covered_display": "0"}, "missing_lines": [125, 128, 136, 139, 140, 143, 146, 147, 148, 151, 156, 159, 162, 163, 164, 167, 170, 173, 176, 177, 178, 181, 184, 187, 190, 191, 194, 197, 202, 205, 208, 213, 218, 221, 222, 225, 230, 231, 233, 234, 235, 236, 237, 238, 239, 240, 241, 244, 247, 250, 251, 252, 253, 259, 265, 266, 267, 268, 269, 272, 273, 276, 280], "excluded_lines": []}, "FieldExtractor._get_field_value": {"executed_lines": [], "summary": {"covered_lines": 0, "num_statements": 5, "percent_covered": 0.0, "percent_covered_display": "0", "missing_lines": 5, "excluded_lines": 0, "percent_statements_covered": 0.0, "percent_statements_covered_display": "0"}, "missing_lines": [284, 285, 287, 288, 290], "excluded_lines": []}, "FieldExtractor._parse_date": {"executed_lines": [], "summary": {"covered_lines": 0, "num_statements": 17, "percent_covered": 0.0, "percent_covered_display": "0", "missing_lines": 17, "excluded_lines": 0, "percent_statements_covered": 0.0, "percent_statements_covered_display": "0"}, "missing_lines": [294, 295, 297, 298, 300, 301, 303, 304, 306, 307, 308, 309, 311, 312, 313, 314, 316], "excluded_lines": []}, "FieldExtractor._parse_decimal": {"executed_lines": [], "summary": {"covered_lines": 0, "num_statements": 25, "percent_covered": 0.0, "percent_covered_display": "0", "missing_lines": 25, "excluded_lines": 0, "percent_statements_covered": 0.0, "percent_statements_covered_display": "0"}, "missing_lines": [320, 321, 324, 325, 326, 327, 328, 329, 331, 332, 334, 335, 337, 339, 340, 341, 342, 343, 344, 345, 346, 348, 349, 350, 352], "excluded_lines": []}, "FieldExtractor._map_address": {"executed_lines": [], "summary": {"covered_lines": 0, "num_statements": 8, "percent_covered": 0.0, "percent_covered_display": "0", "missing_lines": 8, "excluded_lines": 0, "percent_statements_covered": 0.0, "percent_statements_covered_display": "0"}, "missing_lines": [356, 357, 360, 362, 364, 371, 372, 374], "excluded_lines": []}, "FieldExtractor._extract_tax_breakdown": {"executed_lines": [], "summary": {"covered_lines": 0, "num_statements": 10, "percent_covered": 0.0, "percent_covered_display": "0", "missing_lines": 10, "excluded_lines": 0, "percent_statements_covered": 0.0, "percent_statements_covered_display": "0"}, "missing_lines": [386, 387, 388, 389, 390, 391, 392, 393, 394, 397], "excluded_lines": []}, "FieldExtractor._extract_line_items": {"executed_lines": [], "summary": {"covered_lines": 0, "num_statements": 43, "percent_covered": 0.0, "percent_covered_display": "0", "missing_lines": 43, "excluded_lines": 0, "percent_statements_covered": 0.0, "percent_statements_covered_display": "0"}, "missing_lines": [405, 406, 408, 409, 410, 413, 414, 415, 416, 417, 418, 419, 422, 423, 424, 425, 426, 429, 430, 431, 432, 433, 434, 435, 436, 437, 440, 441, 443, 444, 445, 446, 447, 448, 449, 450, 452, 472, 475, 476, 477, 479, 481], "excluded_lines": []}, "FieldExtractor._normalize_currency": {"executed_lines": [], "summary": {"covered_lines": 0, "num_statements": 11, "percent_covered": 0.0, "percent_covered_display": "0", "missing_lines": 11, "excluded_lines": 0, "percent_statements_covered": 0.0, "percent_statements_covered_display": "0"}, "missing_lines": [485, 486, 488, 489, 491, 493, 507, 508, 510, 511, 514], "excluded_lines": []}, "FieldExtractor._calculate_overall_confidence": {"executed_lines": [], "summary": {"covered_lines": 0, "num_statements": 13, "percent_covered": 0.0, "percent_covered_display": "0", "missing_lines": 13, "excluded_lines": 0, "percent_statements_covered": 0.0, "percent_statements_covered_display": "0"}, "missing_lines": [518, 519, 522, 531, 532, 537, 538, 539, 542, 543, 546, 547, 549], "excluded_lines": []}, "FieldExtractor._detect_and_extract_subtype": {"executed_lines": [], "summary": {"covered_lines": 0, "num_statements": 16, "percent_covered": 0.0, "percent_covered_display": "0", "missing_lines": 16, "excluded_lines": 0, "percent_statements_covered": 0.0, "percent_statements_covered_display": "0"}, "missing_lines": [563, 564, 567, 570, 571, 572, 573, 577, 586, 589, 590, 591, 592, 595, 596, 598], "excluded_lines": []}, "FieldExtractor._extract_field_confidence": {"executed_lines": [], "summary": {"covered_lines": 0, "num_statements": 18, "percent_covered": 0.0, "percent_covered_display": "0", "missing_lines": 18, "excluded_lines": 0, "percent_statements_covered": 0.0, "percent_statements_covered_display": "0"}, "missing_lines": [605, 606, 607, 609, 628, 636, 645, 646, 647, 648, 649, 650, 651, 652, 653, 654, 656, 657], "excluded_lines": []}, "": {"executed_lines": [], "summary": {"covered_lines": 0, "num_statements": 24, "percent_covered": 0.0, "percent_covered_display": "0", "missing_lines": 24, "excluded_lines": 0, "percent_statements_covered": 0.0, "percent_statements_covered_display": "0"}, "missing_lines": [3, 4, 5, 6, 9, 14, 18, 19, 21, 24, 27, 62, 67, 104, 282, 292, 318, 354, 382, 399, 483, 516, 551, 600], "excluded_lines": []}}, "classes": {"FieldExtractor": {"executed_lines": [], "summary": {"covered_lines": 0, "num_statements": 248, "percent_covered": 0.0, "percent_covered_display": "0", "missing_lines": 248, "excluded_lines": 0, "percent_statements_covered": 0.0, "percent_statements_covered_display": "0"}, "missing_lines": [64, 65, 69, 70, 71, 74, 75, 76, 79, 80, 81, 82, 85, 94, 95, 98, 99, 100, 102, 125, 128, 136, 139, 140, 143, 146, 147, 148, 151, 156, 159, 162, 163, 164, 167, 170, 173, 176, 177, 178, 181, 184, 187, 190, 191, 194, 197, 202, 205, 208, 213, 218, 221, 222, 225, 230, 231, 233, 234, 235, 236, 237, 238, 239, 240, 241, 244, 247, 250, 251, 252, 253, 259, 265, 266, 267, 268, 269, 272, 273, 276, 280, 284, 285, 287, 288, 290, 294, 295, 297, 298, 300, 301, 303, 304, 306, 307, 308, 309, 311, 312, 313, 314, 316, 320, 321, 324, 325, 326, 327, 328, 329, 331, 332, 334, 335, 337, 339, 340, 341, 342, 343, 344, 345, 346, 348, 349, 350, 352, 356, 357, 360, 362, 364, 371, 372, 374, 386, 387, 388, 389, 390, 391, 392, 393, 394, 397, 405, 406, 408, 409, 410, 413, 414, 415, 416, 417, 418, 419, 422, 423, 424, 425, 426, 429, 430, 431, 432, 433, 434, 435, 436, 437, 440, 441, 443, 444, 445, 446, 447, 448, 449, 450, 452, 472, 475, 476, 477, 479, 481, 485, 486, 488, 489, 491, 493, 507, 508, 510, 511, 514, 518, 519, 522, 531, 532, 537, 538, 539, 542, 543, 546, 547, 549, 563, 564, 567, 570, 571, 572, 573, 577, 586, 589, 590, 591, 592, 595, 596, 598, 605, 606, 607, 609, 628, 636, 645, 646, 647, 648, 649, 650, 651, 652, 653, 654, 656, 657], "excluded_lines": []}, "": {"executed_lines": [], "summary": {"covered_lines": 0, "num_statements": 24, "percent_covered": 0.0, "percent_covered_display": "0", "missing_lines": 24, "excluded_lines": 0, "percent_statements_covered": 0.0, "percent_statements_covered_display": "0"}, "missing_lines": [3, 4, 5, 6, 9, 14, 18, 19, 21, 24, 27, 62, 67, 104, 282, 292, 318, 354, 382, 399, 483, 516, 551, 600], "excluded_lines": []}}}, "src\\ingestion\\__init__.py": {"executed_lines": [], "summary": {"covered_lines": 0, "num_statements": 0, "percent_covered": 100.0, "percent_covered_display": "100", "missing_lines": 0, "excluded_lines": 0, "percent_statements_covered": 100.0, "percent_statements_covered_display": "100"}, "missing_lines": [], "excluded_lines": [], "functions": {"": {"executed_lines": [], "summary": {"covered_lines": 0, "num_statements": 0, "percent_covered": 100.0, "percent_covered_display": "100", "missing_lines": 0, "excluded_lines": 0, "percent_statements_covered": 100.0, "percent_statements_covered_display": "100"}, "missing_lines": [], "excluded_lines": []}}, "classes": {"": {"executed_lines": [], "summary": {"covered_lines": 0, "num_statements": 0, "percent_covered": 100.0, "percent_covered_display": "100", "missing_lines": 0, "excluded_lines": 0, "percent_statements_covered": 100.0, "percent_statements_covered_display": "100"}, "missing_lines": [], "excluded_lines": []}}}, "src\\ingestion\\file_handler.py": {"executed_lines": [], "summary": {"covered_lines": 0, "num_statements": 133, "percent_covered": 0.0, "percent_covered_display": "0", "missing_lines": 133, "excluded_lines": 0, "percent_statements_covered": 0.0, "percent_statements_covered_display": "0"}, "missing_lines": [3, 4, 5, 6, 7, 8, 10, 12, 15, 18, 30, 31, 33, 35, 36, 37, 38, 39, 40, 43, 44, 45, 47, 48, 49, 52, 53, 54, 55, 60, 62, 65, 66, 67, 68, 69, 70, 71, 72, 73, 74, 76, 78, 79, 80, 81, 82, 83, 84, 86, 103, 104, 105, 106, 108, 109, 111, 113, 121, 122, 124, 133, 134, 136, 144, 146, 150, 151, 153, 159, 169, 170, 172, 183, 184, 185, 186, 187, 188, 189, 190, 191, 192, 193, 194, 195, 196, 197, 198, 199, 200, 201, 202, 204, 205, 206, 207, 208, 210, 211, 212, 213, 214, 215, 216, 217, 218, 219, 220, 222, 224, 225, 226, 228, 229, 230, 233, 235, 237, 238, 240, 242, 243, 244, 245, 246, 248, 249, 250, 253, 255, 257, 259], "excluded_lines": [], "functions": {"FileHandler.__init__": {"executed_lines": [], "summary": {"covered_lines": 0, "num_statements": 31, "percent_covered": 0.0, "percent_covered_display": "0", "missing_lines": 31, "excluded_lines": 0, "percent_statements_covered": 0.0, "percent_statements_covered_display": "0"}, "missing_lines": [30, 31, 33, 35, 36, 37, 38, 39, 40, 43, 44, 45, 47, 48, 49, 52, 53, 54, 55, 60, 62, 65, 66, 67, 68, 69, 70, 71, 72, 73, 74], "excluded_lines": []}, "FileHandler._ensure_container_exists": {"executed_lines": [], "summary": {"covered_lines": 0, "num_statements": 7, "percent_covered": 0.0, "percent_covered_display": "0", "missing_lines": 7, "excluded_lines": 0, "percent_statements_covered": 0.0, "percent_statements_covered_display": "0"}, "missing_lines": [78, 79, 80, 81, 82, 83, 84], "excluded_lines": []}, "FileHandler.upload_file": {"executed_lines": [], "summary": {"covered_lines": 0, "num_statements": 7, "percent_covered": 0.0, "percent_covered_display": "0", "missing_lines": 7, "excluded_lines": 0, "percent_statements_covered": 0.0, "percent_statements_covered_display": "0"}, "missing_lines": [103, 104, 105, 106, 108, 109, 111], "excluded_lines": []}, "FileHandler._upload_to_local": {"executed_lines": [], "summary": {"covered_lines": 0, "num_statements": 5, "percent_covered": 0.0, "percent_covered_display": "0", "missing_lines": 5, "excluded_lines": 0, "percent_statements_covered": 0.0, "percent_statements_covered_display": "0"}, "missing_lines": [121, 122, 124, 133, 134], "excluded_lines": []}, "FileHandler._upload_to_azure": {"executed_lines": [], "summary": {"covered_lines": 0, "num_statements": 8, "percent_covered": 0.0, "percent_covered_display": "0", "missing_lines": 8, "excluded_lines": 0, "percent_statements_covered": 0.0, "percent_statements_covered_display": "0"}, "missing_lines": [144, 146, 150, 151, 153, 159, 169, 170], "excluded_lines": []}, "FileHandler.download_file": {"executed_lines": [], "summary": {"covered_lines": 0, "num_statements": 29, "percent_covered": 0.0, "percent_covered_display": "0", "missing_lines": 29, "excluded_lines": 0, "percent_statements_covered": 0.0, "percent_statements_covered_display": "0"}, "missing_lines": [183, 184, 204, 205, 206, 207, 208, 210, 211, 212, 213, 214, 215, 216, 217, 218, 219, 220, 222, 224, 225, 226, 228, 229, 230, 233, 235, 237, 238], "excluded_lines": []}, "FileHandler.download_file.download_via_sdk": {"executed_lines": [], "summary": {"covered_lines": 0, "num_statements": 18, "percent_covered": 0.0, "percent_covered_display": "0", "missing_lines": 18, "excluded_lines": 0, "percent_statements_covered": 0.0, "percent_statements_covered_display": "0"}, "missing_lines": [185, 186, 187, 188, 189, 190, 191, 192, 193, 194, 195, 196, 197, 198, 199, 200, 201, 202], "excluded_lines": []}, "FileHandler.get_file_path": {"executed_lines": [], "summary": {"covered_lines": 0, "num_statements": 12, "percent_covered": 0.0, "percent_covered_display": "0", "missing_lines": 12, "excluded_lines": 0, "percent_statements_covered": 0.0, "percent_statements_covered_display": "0"}, "missing_lines": [242, 243, 244, 245, 246, 248, 249, 250, 253, 255, 257, 259], "excluded_lines": []}, "": {"executed_lines": [], "summary": {"covered_lines": 0, "num_statements": 16, "percent_covered": 0.0, "percent_covered_display": "0", "missing_lines": 16, "excluded_lines": 0, "percent_statements_covered": 0.0, "percent_statements_covered_display": "0"}, "missing_lines": [3, 4, 5, 6, 7, 8, 10, 12, 15, 18, 76, 86, 113, 136, 172, 240], "excluded_lines": []}}, "classes": {"FileHandler": {"executed_lines": [], "summary": {"covered_lines": 0, "num_statements": 117, "percent_covered": 0.0, "percent_covered_display": "0", "missing_lines": 117, "excluded_lines": 0, "percent_statements_covered": 0.0, "percent_statements_covered_display": "0"}, "missing_lines": [30, 31, 33, 35, 36, 37, 38, 39, 40, 43, 44, 45, 47, 48, 49, 52, 53, 54, 55, 60, 62, 65, 66, 67, 68, 69, 70, 71, 72, 73, 74, 78, 79, 80, 81, 82, 83, 84, 103, 104, 105, 106, 108, 109, 111, 121, 122, 124, 133, 134, 144, 146, 150, 151, 153, 159, 169, 170, 183, 184, 185, 186, 187, 188, 189, 190, 191, 192, 193, 194, 195, 196, 197, 198, 199, 200, 201, 202, 204, 205, 206, 207, 208, 210, 211, 212, 213, 214, 215, 216, 217, 218, 219, 220, 222, 224, 225, 226, 228, 229, 230, 233, 235, 237, 238, 242, 243, 244, 245, 246, 248, 249, 250, 253, 255, 257, 259], "excluded_lines": []}, "": {"executed_lines": [], "summary": {"covered_lines": 0, "num_statements": 16, "percent_covered": 0.0, "percent_covered_display": "0", "missing_lines": 16, "excluded_lines": 0, "percent_statements_covered": 0.0, "percent_statements_covered_display": "0"}, "missing_lines": [3, 4, 5, 6, 7, 8, 10, 12, 15, 18, 76, 86, 113, 136, 172, 240], "excluded_lines": []}}}, "src\\ingestion\\ingestion_service.py": {"executed_lines": [], "summary": {"covered_lines": 0, "num_statements": 35, "percent_covered": 0.0, "percent_covered_display": "0", "missing_lines": 35, "excluded_lines": 0, "percent_statements_covered": 0.0, "percent_statements_covered_display": "0"}, "missing_lines": [3, 4, 5, 6, 8, 10, 11, 12, 13, 15, 18, 21, 33, 34, 36, 53, 55, 57, 62, 63, 64, 70, 73, 79, 80, 83, 85, 94, 96, 107, 108, 110, 111, 112, 113], "excluded_lines": [], "functions": {"IngestionService.__init__": {"executed_lines": [], "summary": {"covered_lines": 0, "num_statements": 2, "percent_covered": 0.0, "percent_covered_display": "0", "missing_lines": 2, "excluded_lines": 0, "percent_statements_covered": 0.0, "percent_statements_covered_display": "0"}, "missing_lines": [33, 34], "excluded_lines": []}, "IngestionService.ingest_invoice": {"executed_lines": [], "summary": {"covered_lines": 0, "num_statements": 20, "percent_covered": 0.0, "percent_covered_display": "0", "missing_lines": 20, "excluded_lines": 0, "percent_statements_covered": 0.0, "percent_statements_covered_display": "0"}, "missing_lines": [53, 55, 57, 62, 63, 64, 70, 73, 79, 80, 83, 85, 94, 96, 107, 108, 110, 111, 112, 113], "excluded_lines": []}, "": {"executed_lines": [], "summary": {"covered_lines": 0, "num_statements": 13, "percent_covered": 0.0, "percent_covered_display": "0", "missing_lines": 13, "excluded_lines": 0, "percent_statements_covered": 0.0, "percent_statements_covered_display": "0"}, "missing_lines": [3, 4, 5, 6, 8, 10, 11, 12, 13, 15, 18, 21, 36], "excluded_lines": []}}, "classes": {"IngestionService": {"executed_lines": [], "summary": {"covered_lines": 0, "num_statements": 22, "percent_covered": 0.0, "percent_covered_display": "0", "missing_lines": 22, "excluded_lines": 0, "percent_statements_covered": 0.0, "percent_statements_covered_display": "0"}, "missing_lines": [33, 34, 53, 55, 57, 62, 63, 64, 70, 73, 79, 80, 83, 85, 94, 96, 107, 108, 110, 111, 112, 113], "excluded_lines": []}, "": {"executed_lines": [], "summary": {"covered_lines": 0, "num_statements": 13, "percent_covered": 0.0, "percent_covered_display": "0", "missing_lines": 13, "excluded_lines": 0, "percent_statements_covered": 0.0, "percent_statements_covered_display": "0"}, "missing_lines": [3, 4, 5, 6, 8, 10, 11, 12, 13, 15, 18, 21, 36], "excluded_lines": []}}}, "src\\ingestion\\pdf_processor.py": {"executed_lines": [], "summary": {"covered_lines": 0, "num_statements": 45, "percent_covered": 0.0, "percent_covered_display": "0", "missing_lines": 45, "excluded_lines": 0, "percent_statements_covered": 0.0, "percent_statements_covered_display": "0"}, "missing_lines": [3, 4, 5, 6, 7, 9, 11, 14, 17, 24, 25, 27, 43, 44, 47, 48, 49, 51, 52, 58, 59, 60, 62, 63, 65, 66, 69, 70, 71, 72, 74, 76, 81, 83, 84, 85, 86, 88, 98, 99, 100, 102, 107, 108, 109], "excluded_lines": [], "functions": {"PDFProcessor.__init__": {"executed_lines": [], "summary": {"covered_lines": 0, "num_statements": 2, "percent_covered": 0.0, "percent_covered_display": "0", "missing_lines": 2, "excluded_lines": 0, "percent_statements_covered": 0.0, "percent_statements_covered_display": "0"}, "missing_lines": [24, 25], "excluded_lines": []}, "PDFProcessor.validate_file": {"executed_lines": [], "summary": {"covered_lines": 0, "num_statements": 25, "percent_covered": 0.0, "percent_covered_display": "0", "missing_lines": 25, "excluded_lines": 0, "percent_statements_covered": 0.0, "percent_statements_covered_display": "0"}, "missing_lines": [43, 44, 47, 48, 49, 51, 52, 58, 59, 60, 62, 63, 65, 66, 69, 70, 71, 72, 74, 76, 81, 83, 84, 85, 86], "excluded_lines": []}, "PDFProcessor.get_pdf_info": {"executed_lines": [], "summary": {"covered_lines": 0, "num_statements": 7, "percent_covered": 0.0, "percent_covered_display": "0", "missing_lines": 7, "excluded_lines": 0, "percent_statements_covered": 0.0, "percent_statements_covered_display": "0"}, "missing_lines": [98, 99, 100, 102, 107, 108, 109], "excluded_lines": []}, "": {"executed_lines": [], "summary": {"covered_lines": 0, "num_statements": 11, "percent_covered": 0.0, "percent_covered_display": "0", "missing_lines": 11, "excluded_lines": 0, "percent_statements_covered": 0.0, "percent_statements_covered_display": "0"}, "missing_lines": [3, 4, 5, 6, 7, 9, 11, 14, 17, 27, 88], "excluded_lines": []}}, "classes": {"PDFProcessor": {"executed_lines": [], "summary": {"covered_lines": 0, "num_statements": 34, "percent_covered": 0.0, "percent_covered_display": "0", "missing_lines": 34, "excluded_lines": 0, "percent_statements_covered": 0.0, "percent_statements_covered_display": "0"}, "missing_lines": [24, 25, 43, 44, 47, 48, 49, 51, 52, 58, 59, 60, 62, 63, 65, 66, 69, 70, 71, 72, 74, 76, 81, 83, 84, 85, 86, 98, 99, 100, 102, 107, 108, 109], "excluded_lines": []}, "": {"executed_lines": [], "summary": {"covered_lines": 0, "num_statements": 11, "percent_covered": 0.0, "percent_covered_display": "0", "missing_lines": 11, "excluded_lines": 0, "percent_statements_covered": 0.0, "percent_statements_covered_display": "0"}, "missing_lines": [3, 4, 5, 6, 7, 9, 11, 14, 17, 27, 88], "excluded_lines": []}}}, "src\\models\\__init__.py": {"executed_lines": [1], "summary": {"covered_lines": 0, "num_statements": 0, "percent_covered": 100.0, "percent_covered_display": "100", "missing_lines": 0, "excluded_lines": 0, "percent_statements_covered": 100.0, "percent_statements_covered_display": "100"}, "missing_lines": [], "excluded_lines": [], "functions": {"": {"executed_lines": [1], "summary": {"covered_lines": 0, "num_statements": 0, "percent_covered": 100.0, "percent_covered_display": "100", "missing_lines": 0, "excluded_lines": 0, "percent_statements_covered": 100.0, "percent_statements_covered_display": "100"}, "missing_lines": [], "excluded_lines": []}}, "classes": {"": {"executed_lines": [1], "summary": {"covered_lines": 0, "num_statements": 0, "percent_covered": 100.0, "percent_covered_display": "100", "missing_lines": 0, "excluded_lines": 0, "percent_statements_covered": 100.0, "percent_statements_covered_display": "100"}, "missing_lines": [], "excluded_lines": []}}}, "src\\models\\database.py": {"executed_lines": [1, 3, 4, 5, 6, 9, 16, 23, 26], "summary": {"covered_lines": 8, "num_statements": 12, "percent_covered": 66.66666666666667, "percent_covered_display": "67", "missing_lines": 4, "excluded_lines": 0, "percent_statements_covered": 66.66666666666667, "percent_statements_covered_display": "67"}, "missing_lines": [28, 29, 30, 32], "excluded_lines": [], "functions": {"get_db": {"executed_lines": [], "summary": {"covered_lines": 0, "num_statements": 4, "percent_covered": 0.0, "percent_covered_display": "0", "missing_lines": 4, "excluded_lines": 0, "percent_statements_covered": 0.0, "percent_statements_covered_display": "0"}, "missing_lines": [28, 29, 30, 32], "excluded_lines": []}, "": {"executed_lines": [1, 3, 4, 5, 6, 9, 16, 23, 26], "summary": {"covered_lines": 8, "num_statements": 8, "percent_covered": 100.0, "percent_covered_display": "100", "missing_lines": 0, "excluded_lines": 0, "percent_statements_covered": 100.0, "percent_statements_covered_display": "100"}, "missing_lines": [], "excluded_lines": []}}, "classes": {"": {"executed_lines": [1, 3, 4, 5, 6, 9, 16, 23, 26], "summary": {"covered_lines": 8, "num_statements": 12, "percent_covered": 66.66666666666667, "percent_covered_display": "67", "missing_lines": 4, "excluded_lines": 0, "percent_statements_covered": 66.66666666666667, "percent_statements_covered_display": "67"}, "missing_lines": [28, 29, 30, 32], "excluded_lines": []}}}, "src\\models\\db_models.py": {"executed_lines": [1, 3, 4, 5, 6, 8, 11, 12, 13, 16, 19, 20, 21, 22, 25, 26, 27, 28, 29, 30, 31, 32, 33, 34, 35, 36, 37, 38, 39, 40, 41, 42, 43, 44, 45, 46, 47, 48, 49, 50, 53, 56, 57, 60, 61, 62, 63, 64, 65, 68, 69, 70, 71, 74, 75, 76, 77, 78, 79, 82, 83, 86], "summary": {"covered_lines": 60, "num_statements": 60, "percent_covered": 100.0, "percent_covered_display": "100", "missing_lines": 0, "excluded_lines": 0, "percent_statements_covered": 100.0, "percent_statements_covered_display": "100"}, "missing_lines": [], "excluded_lines": [], "functions": {"": {"executed_lines": [1, 3, 4, 5, 6, 8, 11, 12, 13, 16, 19, 20, 21, 22, 25, 26, 27, 28, 29, 30, 31, 32, 33, 34, 35, 36, 37, 38, 39, 40, 41, 42, 43, 44, 45, 46, 47, 48, 49, 50, 53, 56, 57, 60, 61, 62, 63, 64, 65, 68, 69, 70, 71, 74, 75, 76, 77, 78, 79, 82, 83, 86], "summary": {"covered_lines": 60, "num_statements": 60, "percent_covered": 100.0, "percent_covered_display": "100", "missing_lines": 0, "excluded_lines": 0, "percent_statements_covered": 100.0, "percent_statements_covered_display": "100"}, "missing_lines": [], "excluded_lines": []}}, "classes": {"Invoice": {"executed_lines": [], "summary": {"covered_lines": 0, "num_statements": 0, "percent_covered": 100.0, "percent_covered_display": "100", "missing_lines": 0, "excluded_lines": 0, "percent_statements_covered": 100.0, "percent_statements_covered_display": "100"}, "missing_lines": [], "excluded_lines": []}, "": {"executed_lines": [1, 3, 4, 5, 6, 8, 11, 12, 13, 16, 19, 20, 21, 22, 25, 26, 27, 28, 29, 30, 31, 32, 33, 34, 35, 36, 37, 38, 39, 40, 41, 42, 43, 44, 45, 46, 47, 48, 49, 50, 53, 56, 57, 60, 61, 62, 63, 64, 65, 68, 69, 70, 71, 74, 75, 76, 77, 78, 79, 82, 83, 86], "summary": {"covered_lines": 60, "num_statements": 60, "percent_covered": 100.0, "percent_covered_display": "100", "missing_lines": 0, "excluded_lines": 0, "percent_statements_covered": 100.0, "percent_statements_covered_display": "100"}, "missing_lines": [], "excluded_lines": []}}}, "src\\models\\db_utils.py": {"executed_lines": [1, 3, 4, 5, 6, 7, 9, 10, 11, 13, 16, 18, 19, 29, 31, 32, 38, 40, 42, 43, 44, 45, 50, 53, 61, 63, 64, 65, 89, 91, 92, 93, 95, 119, 121, 125, 126, 127, 129, 145, 197, 200, 204, 205, 206, 207, 215, 265], "summary": {"covered_lines": 47, "num_statements": 67, "percent_covered": 70.14925373134328, "percent_covered_display": "70", "missing_lines": 20, "excluded_lines": 0, "percent_statements_covered": 70.14925373134328, "percent_statements_covered_display": "70"}, "missing_lines": [20, 33, 34, 35, 41, 48, 49, 62, 94, 122, 130, 132, 133, 134, 135, 136, 141, 208, 209, 213], "excluded_lines": [], "functions": {"address_to_dict": {"executed_lines": [18, 19], "summary": {"covered_lines": 2, "num_statements": 3, "percent_covered": 66.66666666666667, "percent_covered_display": "67", "missing_lines": 1, "excluded_lines": 0, "percent_statements_covered": 66.66666666666667, "percent_statements_covered_display": "67"}, "missing_lines": [20], "excluded_lines": []}, "dict_to_address": {"executed_lines": [31, 32], "summary": {"covered_lines": 2, "num_statements": 5, "percent_covered": 40.0, "percent_covered_display": "40", "missing_lines": 3, "excluded_lines": 0, "percent_statements_covered": 40.0, "percent_statements_covered_display": "40"}, "missing_lines": [33, 34, 35], "excluded_lines": []}, "_sanitize_tax_breakdown": {"executed_lines": [40, 42, 43, 44, 45, 50], "summary": {"covered_lines": 6, "num_statements": 9, "percent_covered": 66.66666666666667, "percent_covered_display": "67", "missing_lines": 3, "excluded_lines": 0, "percent_statements_covered": 66.66666666666667, "percent_statements_covered_display": "67"}, "missing_lines": [41, 48, 49], "excluded_lines": []}, "line_items_to_json": {"executed_lines": [61, 63, 64, 65], "summary": {"covered_lines": 4, "num_statements": 5, "percent_covered": 80.0, "percent_covered_display": "80", "missing_lines": 1, "excluded_lines": 0, "percent_statements_covered": 80.0, "percent_statements_covered_display": "80"}, "missing_lines": [62], "excluded_lines": []}, "json_to_line_items": {"executed_lines": [91, 92, 93, 95], "summary": {"covered_lines": 4, "num_statements": 5, "percent_covered": 80.0, "percent_covered_display": "80", "missing_lines": 1, "excluded_lines": 0, "percent_statements_covered": 80.0, "percent_statements_covered_display": "80"}, "missing_lines": [94], "excluded_lines": []}, "pydantic_to_db_invoice": {"executed_lines": [121, 125, 126, 127, 129, 145, 197], "summary": {"covered_lines": 7, "num_statements": 15, "percent_covered": 46.666666666666664, "percent_covered_display": "47", "missing_lines": 8, "excluded_lines": 0, "percent_statements_covered": 46.666666666666664, "percent_statements_covered_display": "47"}, "missing_lines": [122, 130, 132, 133, 134, 135, 136, 141], "excluded_lines": []}, "db_to_pydantic_invoice": {"executed_lines": [204, 205, 206, 207, 215, 265], "summary": {"covered_lines": 6, "num_statements": 9, "percent_covered": 66.66666666666667, "percent_covered_display": "67", "missing_lines": 3, "excluded_lines": 0, "percent_statements_covered": 66.66666666666667, "percent_statements_covered_display": "67"}, "missing_lines": [208, 209, 213], "excluded_lines": []}, "": {"executed_lines": [1, 3, 4, 5, 6, 7, 9, 10, 11, 13, 16, 29, 38, 53, 89, 119, 200], "summary": {"covered_lines": 16, "num_statements": 16, "percent_covered": 100.0, "percent_covered_display": "100", "missing_lines": 0, "excluded_lines": 0, "percent_statements_covered": 100.0, "percent_statements_covered_display": "100"}, "missing_lines": [], "excluded_lines": []}}, "classes": {"": {"executed_lines": [1, 3, 4, 5, 6, 7, 9, 10, 11, 13, 16, 18, 19, 29, 31, 32, 38, 40, 42, 43, 44, 45, 50, 53, 61, 63, 64, 65, 89, 91, 92, 93, 95, 119, 121, 125, 126, 127, 129, 145, 197, 200, 204, 205, 206, 207, 215, 265], "summary": {"covered_lines": 47, "num_statements": 67, "percent_covered": 70.14925373134328, "percent_covered_display": "70", "missing_lines": 20, "excluded_lines": 0, "percent_statements_covered": 70.14925373134328, "percent_statements_covered_display": "70"}, "missing_lines": [20, 33, 34, 35, 41, 48, 49, 62, 94, 122, 130, 132, 133, 134, 135, 136, 141, 208, 209, 213], "excluded_lines": []}}}, "src\\models\\decimal_wire.py": {"executed_lines": [1, 3, 4, 5, 7, 10, 28, 29, 33, 35, 37, 38, 39, 45, 65, 66, 68, 71, 73], "summary": {"covered_lines": 18, "num_statements": 25, "percent_covered": 72.0, "percent_covered_display": "72", "missing_lines": 7, "excluded_lines": 0, "percent_statements_covered": 72.0, "percent_statements_covered_display": "72"}, "missing_lines": [40, 41, 42, 69, 74, 75, 76], "excluded_lines": [], "functions": {"decimal_to_wire": {"executed_lines": [28, 29, 33, 35, 37, 38, 39], "summary": {"covered_lines": 7, "num_statements": 10, "percent_covered": 70.0, "percent_covered_display": "70", "missing_lines": 3, "excluded_lines": 0, "percent_statements_covered": 70.0, "percent_statements_covered_display": "70"}, "missing_lines": [40, 41, 42], "excluded_lines": []}, "wire_to_decimal": {"executed_lines": [65, 66, 68, 71, 73], "summary": {"covered_lines": 5, "num_statements": 9, "percent_covered": 55.55555555555556, "percent_covered_display": "56", "missing_lines": 4, "excluded_lines": 0, "percent_statements_covered": 55.55555555555556, "percent_statements_covered_display": "56"}, "missing_lines": [69, 74, 75, 76], "excluded_lines": []}, "": {"executed_lines": [1, 3, 4, 5, 7, 10, 45], "summary": {"covered_lines": 6, "num_statements": 6, "percent_covered": 100.0, "percent_covered_display": "100", "missing_lines": 0, "excluded_lines": 0, "percent_statements_covered": 100.0, "percent_statements_covered_display": "100"}, "missing_lines": [], "excluded_lines": []}}, "classes": {"": {"executed_lines": [1, 3, 4, 5, 7, 10, 28, 29, 33, 35, 37, 38, 39, 45, 65, 66, 68, 71, 73], "summary": {"covered_lines": 18, "num_statements": 25, "percent_covered": 72.0, "percent_covered_display": "72", "missing_lines": 7, "excluded_lines": 0, "percent_statements_covered": 72.0, "percent_statements_covered_display": "72"}, "missing_lines": [40, 41, 42, 69, 74, 75, 76], "excluded_lines": []}}}, "src\\models\\invoice.py": {"executed_lines": [1, 3, 4, 5, 6, 7, 10, 11, 12, 13, 14, 17, 18, 19, 20, 21, 22, 23, 24, 27, 28, 29, 30, 31, 32, 33, 36, 37, 38, 39, 40, 41, 42, 43, 45, 46, 47, 48, 49, 50, 51, 52, 53, 54, 55, 58, 59, 60, 61, 62, 63, 64, 65, 68, 69, 70, 71, 72, 73, 74, 77, 78, 79, 80, 81, 82, 85, 86, 87, 88, 89, 90, 91, 92, 93, 94, 95, 96, 97, 98, 101, 102, 103, 104, 105, 108, 109, 110, 111, 112, 113, 114, 115, 116, 117, 120, 121, 122, 123, 124, 125, 126, 127, 128, 129, 130, 131, 132, 133, 134, 135, 136, 137, 138, 139, 140, 141, 142, 143, 144, 145, 146, 149, 150, 153, 154, 155, 158, 159, 160, 161, 164, 165, 166, 167, 168, 169, 171, 172], "summary": {"covered_lines": 128, "num_statements": 128, "percent_covered": 100.0, "percent_covered_display": "100", "missing_lines": 0, "excluded_lines": 0, "percent_statements_covered": 100.0, "percent_statements_covered_display": "100"}, "missing_lines": [], "excluded_lines": [], "functions": {"": {"executed_lines": [1, 3, 4, 5, 6, 7, 10, 11, 12, 13, 14, 17, 18, 19, 20, 21, 22, 23, 24, 27, 28, 29, 30, 31, 32, 33, 36, 37, 38, 39, 40, 41, 42, 43, 45, 46, 47, 48, 49, 50, 51, 52, 53, 54, 55, 58, 59, 60, 61, 62, 63, 64, 65, 68, 69, 70, 71, 72, 73, 74, 77, 78, 79, 80, 81, 82, 85, 86, 87, 88, 89, 90, 91, 92, 93, 94, 95, 96, 97, 98, 101, 102, 103, 104, 105, 108, 109, 110, 111, 112, 113, 114, 115, 116, 117, 120, 121, 122, 123, 124, 125, 126, 127, 128, 129, 130, 131, 132, 133, 134, 135, 136, 137, 138, 139, 140, 141, 142, 143, 144, 145, 146, 149, 150, 153, 154, 155, 158, 159, 160, 161, 164, 165, 166, 167, 168, 169, 171, 172], "summary": {"covered_lines": 128, "num_statements": 128, "percent_covered": 100.0, "percent_covered_display": "100", "missing_lines": 0, "excluded_lines": 0, "percent_statements_covered": 100.0, "percent_statements_covered_display": "100"}, "missing_lines": [], "excluded_lines": []}}, "classes": {"InvoiceSubtype": {"executed_lines": [], "summary": {"covered_lines": 0, "num_statements": 0, "percent_covered": 100.0, "percent_covered_display": "100", "missing_lines": 0, "excluded_lines": 0, "percent_statements_covered": 100.0, "percent_statements_covered_display": "100"}, "missing_lines": [], "excluded_lines": []}, "InvoiceState": {"executed_lines": [], "summary": {"covered_lines": 0, "num_statements": 0, "percent_covered": 100.0, "percent_covered_display": "100", "missing_lines": 0, "excluded_lines": 0, "percent_statements_covered": 100.0, "percent_statements_covered_display": "100"}, "missing_lines": [], "excluded_lines": []}, "Address": {"executed_lines": [], "summary": {"covered_lines": 0, "num_statements": 0, "percent_covered": 100.0, "percent_covered_display": "100", "missing_lines": 0, "excluded_lines": 0, "percent_statements_covered": 100.0, "percent_statements_covered_display": "100"}, "missing_lines": [], "excluded_lines": []}, "LineItem": {"executed_lines": [], "summary": {"covered_lines": 0, "num_statements": 0, "percent_covered": 100.0, "percent_covered_display": "100", "missing_lines": 0, "excluded_lines": 0, "percent_statements_covered": 100.0, "percent_statements_covered_display": "100"}, "missing_lines": [], "excluded_lines": []}, "ShiftServiceExtension": {"executed_lines": [], "summary": {"covered_lines": 0, "num_statements": 0, "percent_covered": 100.0, "percent_covered_display": "100", "missing_lines": 0, "excluded_lines": 0, "percent_statements_covered": 100.0, "percent_statements_covered_display": "100"}, "missing_lines": [], "excluded_lines": []}, "TimesheetShift": {"executed_lines": [], "summary": {"covered_lines": 0, "num_statements": 0, "percent_covered": 100.0, "percent_covered_display": "100", "missing_lines": 0, "excluded_lines": 0, "percent_statements_covered": 100.0, "percent_statements_covered_display": "100"}, "missing_lines": [], "excluded_lines": []}, "TimesheetData": {"executed_lines": [], "summary": {"covered_lines": 0, "num_statements": 0, "percent_covered": 100.0, "percent_covered_display": "100", "missing_lines": 0, "excluded_lines": 0, "percent_statements_covered": 100.0, "percent_statements_covered_display": "100"}, "missing_lines": [], "excluded_lines": []}, "PerDiemTravelExtension": {"executed_lines": [], "summary": {"covered_lines": 0, "num_statements": 0, "percent_covered": 100.0, "percent_covered_display": "100", "missing_lines": 0, "excluded_lines": 0, "percent_statements_covered": 100.0, "percent_statements_covered_display": "100"}, "missing_lines": [], "excluded_lines": []}, "InvoiceExtensions": {"executed_lines": [], "summary": {"covered_lines": 0, "num_statements": 0, "percent_covered": 100.0, "percent_covered_display": "100", "missing_lines": 0, "excluded_lines": 0, "percent_statements_covered": 100.0, "percent_statements_covered_display": "100"}, "missing_lines": [], "excluded_lines": []}, "Invoice": {"executed_lines": [], "summary": {"covered_lines": 0, "num_statements": 0, "percent_covered": 100.0, "percent_covered_display": "100", "missing_lines": 0, "excluded_lines": 0, "percent_statements_covered": 100.0, "percent_statements_covered_display": "100"}, "missing_lines": [], "excluded_lines": []}, "Invoice.Config": {"executed_lines": [], "summary": {"covered_lines": 0, "num_statements": 0, "percent_covered": 100.0, "percent_covered_display": "100", "missing_lines": 0, "excluded_lines": 0, "percent_statements_covered": 100.0, "percent_statements_covered_display": "100"}, "missing_lines": [], "excluded_lines": []}, "": {"executed_lines": [1, 3, 4, 5, 6, 7, 10, 11, 12, 13, 14, 17, 18, 19, 20, 21, 22, 23, 24, 27, 28, 29, 30, 31, 32, 33, 36, 37, 38, 39, 40, 41, 42, 43, 45, 46, 47, 48, 49, 50, 51, 52, 53, 54, 55, 58, 59, 60, 61, 62, 63, 64, 65, 68, 69, 70, 71, 72, 73, 74, 77, 78, 79, 80, 81, 82, 85, 86, 87, 88, 89, 90, 91, 92, 93, 94, 95, 96, 97, 98, 101, 102, 103, 104, 105, 108, 109, 110, 111, 112, 113, 114, 115, 116, 117, 120, 121, 122, 123, 124, 125, 126, 127, 128, 129, 130, 131, 132, 133, 134, 135, 136, 137, 138, 139, 140, 141, 142, 143, 144, 145, 146, 149, 150, 153, 154, 155, 158, 159, 160, 161, 164, 165, 166, 167, 168, 169, 171, 172], "summary": {"covered_lines": 128, "num_statements": 128, "percent_covered": 100.0, "percent_covered_display": "100", "missing_lines": 0, "excluded_lines": 0, "percent_statements_covered": 100.0, "percent_statements_covered_display": "100"}, "missing_lines": [], "excluded_lines": []}}}, "src\\models\\invoice_subtypes.py": {"executed_lines": [], "summary": {"covered_lines": 0, "num_statements": 55, "percent_covered": 0.0, "percent_covered_display": "0", "missing_lines": 55, "excluded_lines": 0, "percent_statements_covered": 0.0, "percent_statements_covered_display": "0"}, "missing_lines": [3, 4, 5, 6, 7, 10, 12, 13, 14, 17, 19, 20, 21, 22, 23, 24, 27, 29, 30, 31, 32, 33, 36, 38, 39, 40, 41, 44, 46, 47, 48, 49, 50, 51, 52, 53, 54, 55, 56, 57, 60, 62, 63, 64, 67, 81, 83, 84, 85, 86, 87, 88, 91, 92, 94], "excluded_lines": [], "functions": {"create_extension_from_data": {"executed_lines": [], "summary": {"covered_lines": 0, "num_statements": 10, "percent_covered": 0.0, "percent_covered_display": "0", "missing_lines": 10, "excluded_lines": 0, "percent_statements_covered": 0.0, "percent_statements_covered_display": "0"}, "missing_lines": [81, 83, 84, 85, 86, 87, 88, 91, 92, 94], "excluded_lines": []}, "": {"executed_lines": [], "summary": {"covered_lines": 0, "num_statements": 45, "percent_covered": 0.0, "percent_covered_display": "0", "missing_lines": 45, "excluded_lines": 0, "percent_statements_covered": 0.0, "percent_statements_covered_display": "0"}, "missing_lines": [3, 4, 5, 6, 7, 10, 12, 13, 14, 17, 19, 20, 21, 22, 23, 24, 27, 29, 30, 31, 32, 33, 36, 38, 39, 40, 41, 44, 46, 47, 48, 49, 50, 51, 52, 53, 54, 55, 56, 57, 60, 62, 63, 64, 67], "excluded_lines": []}}, "classes": {"InvoiceSubtype": {"executed_lines": [], "summary": {"covered_lines": 0, "num_statements": 0, "percent_covered": 100.0, "percent_covered_display": "100", "missing_lines": 0, "excluded_lines": 0, "percent_statements_covered": 100.0, "percent_statements_covered_display": "100"}, "missing_lines": [], "excluded_lines": []}, "ShiftServiceExtension": {"executed_lines": [], "summary": {"covered_lines": 0, "num_statements": 0, "percent_covered": 100.0, "percent_covered_display": "100", "missing_lines": 0, "excluded_lines": 0, "percent_statements_covered": 100.0, "percent_statements_covered_display": "100"}, "missing_lines": [], "excluded_lines": []}, "TimesheetShift": {"executed_lines": [], "summary": {"covered_lines": 0, "num_statements": 0, "percent_covered": 100.0, "percent_covered_display": "100", "missing_lines": 0, "excluded_lines": 0, "percent_statements_covered": 100.0, "percent_statements_covered_display": "100"}, "missing_lines": [], "excluded_lines": []}, "TimesheetData": {"executed_lines": [], "summary": {"covered_lines": 0, "num_statements": 0, "percent_covered": 100.0, "percent_covered_display": "100", "missing_lines": 0, "excluded_lines": 0, "percent_statements_covered": 100.0, "percent_statements_covered_display": "100"}, "missing_lines": [], "excluded_lines": []}, "PerDiemTravelExtension": {"executed_lines": [], "summary": {"covered_lines": 0, "num_statements": 0, "percent_covered": 100.0, "percent_covered_display": "100", "missing_lines": 0, "excluded_lines": 0, "percent_statements_covered": 100.0, "percent_statements_covered_display": "100"}, "missing_lines": [], "excluded_lines": []}, "InvoiceExtensions": {"executed_lines": [], "summary": {"covered_lines": 0, "num_statements": 0, "percent_covered": 100.0, "percent_covered_display": "100", "missing_lines": 0, "excluded_lines": 0, "percent_statements_covered": 100.0, "percent_statements_covered_display": "100"}, "missing_lines": [], "excluded_lines": []}, "": {"executed_lines": [], "summary": {"covered_lines": 0, "num_statements": 55, "percent_covered": 0.0, "percent_covered_display": "0", "missing_lines": 55, "excluded_lines": 0, "percent_statements_covered": 0.0, "percent_statements_covered_display": "0"}, "missing_lines": [3, 4, 5, 6, 7, 10, 12, 13, 14, 17, 19, 20, 21, 22, 23, 24, 27, 29, 30, 31, 32, 33, 36, 38, 39, 40, 41, 44, 46, 47, 48, 49, 50, 51, 52, 53, 54, 55, 56, 57, 60, 62, 63, 64, 67, 81, 83, 84, 85, 86, 87, 88, 91, 92, 94], "excluded_lines": []}}}, "src\\services\\__init__.py": {"executed_lines": [1], "summary": {"covered_lines": 0, "num_statements": 0, "percent_covered": 100.0, "percent_covered_display": "100", "missing_lines": 0, "excluded_lines": 0, "percent_statements_covered": 100.0, "percent_statements_covered_display": "100"}, "missing_lines": [], "excluded_lines": [], "functions": {"": {"executed_lines": [1], "summary": {"covered_lines": 0, "num_statements": 0, "percent_covered": 100.0, "percent_covered_display": "100", "missing_lines": 0, "excluded_lines": 0, "percent_statements_covered": 100.0, "percent_statements_covered_display": "100"}, "missing_lines": [], "excluded_lines": []}}, "classes": {"": {"executed_lines": [1], "summary": {"covered_lines": 0, "num_statements": 0, "percent_covered": 100.0, "percent_covered_display": "100", "missing_lines": 0, "excluded_lines": 0, "percent_statements_covered": 100.0, "percent_statements_covered_display": "100"}, "missing_lines": [], "excluded_lines": []}}}, "src\\services\\db_service.py": {"executed_lines": [1, 3, 4, 5, 6, 7, 9, 10, 11, 12, 19, 21, 24, 25, 27, 28, 42, 43, 44, 49, 51, 54, 56, 57, 58, 61, 62, 64, 65, 67, 69, 71, 73, 75, 77, 79, 80, 82, 84, 85, 86, 87, 88, 91, 92, 93, 94, 95, 96, 98, 99, 100, 103, 104, 105, 107, 108, 110, 111, 118, 121, 122, 137, 138, 177, 178, 201, 202, 216, 217, 270, 271, 283, 285, 286, 287, 289, 290, 291, 292, 293, 296, 297, 298, 299, 305, 317, 318, 320, 326, 329, 330, 344, 345, 346, 351, 352, 355, 357, 358, 365, 368, 369, 415, 416], "summary": {"covered_lines": 103, "num_statements": 244, "percent_covered": 42.21311475409836, "percent_covered_display": "42", "missing_lines": 141, "excluded_lines": 0, "percent_statements_covered": 42.21311475409836, "percent_statements_covered_display": "42"}, "missing_lines": [46, 47, 59, 66, 68, 70, 72, 74, 90, 113, 114, 115, 116, 119, 129, 147, 148, 149, 150, 151, 152, 153, 154, 160, 161, 162, 163, 164, 165, 166, 167, 168, 169, 170, 171, 172, 174, 175, 183, 184, 185, 186, 187, 188, 189, 190, 191, 192, 193, 194, 195, 196, 198, 199, 203, 204, 205, 206, 207, 208, 209, 210, 211, 213, 214, 228, 230, 231, 232, 234, 246, 247, 249, 250, 251, 252, 253, 256, 257, 258, 259, 260, 261, 262, 263, 264, 265, 267, 268, 301, 321, 322, 323, 324, 327, 348, 349, 359, 361, 362, 363, 366, 387, 388, 389, 391, 392, 394, 395, 397, 398, 400, 401, 403, 404, 406, 408, 409, 410, 412, 413, 432, 433, 434, 436, 437, 439, 440, 443, 445, 446, 448, 449, 451, 452, 454, 455, 456, 457, 459, 460], "excluded_lines": [], "functions": {"DatabaseService.save_invoice": {"executed_lines": [42, 43, 44, 49, 51, 54, 56, 61, 64, 77, 79, 80, 82, 84, 85, 86, 87, 88, 91, 92, 93, 94, 95, 96, 98, 99, 100, 103, 104, 105, 107, 108, 110, 111, 118], "summary": {"covered_lines": 35, "num_statements": 43, "percent_covered": 81.3953488372093, "percent_covered_display": "81", "missing_lines": 8, "excluded_lines": 0, "percent_statements_covered": 81.3953488372093, "percent_statements_covered_display": "81"}, "missing_lines": [46, 47, 90, 113, 114, 115, 116, 119], "excluded_lines": []}, "DatabaseService.save_invoice._get_fields_set": {"executed_lines": [57, 58], "summary": {"covered_lines": 2, "num_statements": 3, "percent_covered": 66.66666666666667, "percent_covered_display": "67", "missing_lines": 1, "excluded_lines": 0, "percent_statements_covered": 66.66666666666667, "percent_statements_covered_display": "67"}, "missing_lines": [59], "excluded_lines": []}, "DatabaseService.save_invoice._is_empty_collection": {"executed_lines": [62], "summary": {"covered_lines": 1, "num_statements": 1, "percent_covered": 100.0, "percent_covered_display": "100", "missing_lines": 0, "excluded_lines": 0, "percent_statements_covered": 100.0, "percent_statements_covered_display": "100"}, "missing_lines": [], "excluded_lines": []}, "DatabaseService.save_invoice._convert": {"executed_lines": [65, 67, 69, 71, 73, 75], "summary": {"covered_lines": 6, "num_statements": 11, "percent_covered": 54.54545454545455, "percent_covered_display": "55", "missing_lines": 5, "excluded_lines": 0, "percent_statements_covered": 54.54545454545455, "percent_statements_covered_display": "55"}, "missing_lines": [66, 68, 70, 72, 74], "excluded_lines": []}, "DatabaseService.claim_for_extraction": {"executed_lines": [], "summary": {"covered_lines": 0, "num_statements": 1, "percent_covered": 0.0, "percent_covered_display": "0", "missing_lines": 1, "excluded_lines": 0, "percent_statements_covered": 0.0, "percent_statements_covered_display": "0"}, "missing_lines": [129], "excluded_lines": []}, "DatabaseService.set_extraction_result": {"executed_lines": [], "summary": {"covered_lines": 0, "num_statements": 23, "percent_covered": 0.0, "percent_covered_display": "0", "missing_lines": 23, "excluded_lines": 0, "percent_statements_covered": 0.0, "percent_statements_covered_display": "0"}, "missing_lines": [147, 148, 149, 150, 151, 152, 153, 154, 160, 161, 162, 163, 164, 165, 166, 167, 168, 169, 170, 171, 172, 174, 175], "excluded_lines": []}, "DatabaseService.set_extraction_failed": {"executed_lines": [], "summary": {"covered_lines": 0, "num_statements": 16, "percent_covered": 0.0, "percent_covered_display": "0", "missing_lines": 16, "excluded_lines": 0, "percent_statements_covered": 0.0, "percent_statements_covered_display": "0"}, "missing_lines": [183, 184, 185, 186, 187, 188, 189, 190, 191, 192, 193, 194, 195, 196, 198, 199], "excluded_lines": []}, "DatabaseService.get_state": {"executed_lines": [], "summary": {"covered_lines": 0, "num_statements": 11, "percent_covered": 0.0, "percent_covered_display": "0", "missing_lines": 11, "excluded_lines": 0, "percent_statements_covered": 0.0, "percent_statements_covered_display": "0"}, "missing_lines": [203, 204, 205, 206, 207, 208, 209, 210, 211, 213, 214], "excluded_lines": []}, "DatabaseService.transition_state": {"executed_lines": [], "summary": {"covered_lines": 0, "num_statements": 24, "percent_covered": 0.0, "percent_covered_display": "0", "missing_lines": 24, "excluded_lines": 0, "percent_statements_covered": 0.0, "percent_statements_covered_display": "0"}, "missing_lines": [228, 230, 231, 232, 234, 246, 247, 249, 250, 251, 252, 253, 256, 257, 258, 259, 260, 261, 262, 263, 264, 265, 267, 268], "excluded_lines": []}, "DatabaseService.update_with_review_version": {"executed_lines": [283, 285, 286, 287, 289, 290, 291, 292, 293, 296, 297, 298, 299, 305, 317, 318, 320, 326], "summary": {"covered_lines": 18, "num_statements": 24, "percent_covered": 75.0, "percent_covered_display": "75", "missing_lines": 6, "excluded_lines": 0, "percent_statements_covered": 75.0, "percent_statements_covered_display": "75"}, "missing_lines": [301, 321, 322, 323, 324, 327], "excluded_lines": []}, "DatabaseService.get_invoice": {"executed_lines": [344, 345, 346, 351, 352, 355, 357, 358, 365], "summary": {"covered_lines": 9, "num_statements": 16, "percent_covered": 56.25, "percent_covered_display": "56", "missing_lines": 7, "excluded_lines": 0, "percent_statements_covered": 56.25, "percent_statements_covered_display": "56"}, "missing_lines": [348, 349, 359, 361, 362, 363, 366], "excluded_lines": []}, "DatabaseService.list_invoices": {"executed_lines": [], "summary": {"covered_lines": 0, "num_statements": 19, "percent_covered": 0.0, "percent_covered_display": "0", "missing_lines": 19, "excluded_lines": 0, "percent_statements_covered": 0.0, "percent_statements_covered_display": "0"}, "missing_lines": [387, 388, 389, 391, 392, 394, 395, 397, 398, 400, 401, 403, 404, 406, 408, 409, 410, 412, 413], "excluded_lines": []}, "DatabaseService.update_invoice_status": {"executed_lines": [], "summary": {"covered_lines": 0, "num_statements": 20, "percent_covered": 0.0, "percent_covered_display": "0", "missing_lines": 20, "excluded_lines": 0, "percent_statements_covered": 0.0, "percent_statements_covered_display": "0"}, "missing_lines": [432, 433, 434, 436, 437, 439, 440, 443, 445, 446, 448, 449, 451, 452, 454, 455, 456, 457, 459, 460], "excluded_lines": []}, "": {"executed_lines": [1, 3, 4, 5, 6, 7, 9, 10, 11, 12, 19, 21, 24, 25, 27, 28, 121, 122, 137, 138, 177, 178, 201, 202, 216, 217, 270, 271, 329, 330, 368, 369, 415, 416], "summary": {"covered_lines": 32, "num_statements": 32, "percent_covered": 100.0, "percent_covered_display": "100", "missing_lines": 0, "excluded_lines": 0, "percent_statements_covered": 100.0, "percent_statements_covered_display": "100"}, "missing_lines": [], "excluded_lines": []}}, "classes": {"DatabaseService": {"executed_lines": [42, 43, 44, 49, 51, 54, 56, 57, 58, 61, 62, 64, 65, 67, 69, 71, 73, 75, 77, 79, 80, 82, 84, 85, 86, 87, 88, 91, 92, 93, 94, 95, 96, 98, 99, 100, 103, 104, 105, 107, 108, 110, 111, 118, 283, 285, 286, 287, 289, 290, 291, 292, 293, 296, 297, 298, 299, 305, 317, 318, 320, 326, 344, 345, 346, 351, 352, 355, 357, 358, 365], "summary": {"covered_lines": 71, "num_statements": 212, "percent_covered": 33.490566037735846, "percent_covered_display": "33", "missing_lines": 141, "excluded_lines": 0, "percent_statements_covered": 33.490566037735846, "percent_statements_covered_display": "33"}, "missing_lines": [46, 47, 59, 66, 68, 70, 72, 74, 90, 113, 114, 115, 116, 119, 129, 147, 148, 149, 150, 151, 152, 153, 154, 160, 161, 162, 163, 164, 165, 166, 167, 168, 169, 170, 171, 172, 174, 175, 183, 184, 185, 186, 187, 188, 189, 190, 191, 192, 193, 194, 195, 196, 198, 199, 203, 204, 205, 206, 207, 208, 209, 210, 211, 213, 214, 228, 230, 231, 232, 234, 246, 247, 249, 250, 251, 252, 253, 256, 257, 258, 259, 260, 261, 262, 263, 264, 265, 267, 268, 301, 321, 322, 323, 324, 327, 348, 349, 359, 361, 362, 363, 366, 387, 388, 389, 391, 392, 394, 395, 397, 398, 400, 401, 403, 404, 406, 408, 409, 410, 412, 413, 432, 433, 434, 436, 437, 439, 440, 443, 445, 446, 448, 449, 451, 452, 454, 455, 456, 457, 459, 460], "excluded_lines": []}, "": {"executed_lines": [1, 3, 4, 5, 6, 7, 9, 10, 11, 12, 19, 21, 24, 25, 27, 28, 121, 122, 137, 138, 177, 178, 201, 202, 216, 217, 270, 271, 329, 330, 368, 369, 415, 416], "summary": {"covered_lines": 32, "num_statements": 32, "percent_covered": 100.0, "percent_covered_display": "100", "missing_lines": 0, "excluded_lines": 0, "percent_statements_covered": 100.0, "percent_statements_covered_display": "100"}, "missing_lines": [], "excluded_lines": []}}}}, "totals": {"covered_lines": 399, "num_statements": 1499, "percent_covered": 26.617745163442294, "percent_covered_display": "27", "missing_lines": 1100, "excluded_lines": 0, "percent_statements_covered": 26.617745163442294, "percent_statements_covered_display": "27"}}